\BOOKMARK [0][-]{chapter.1}{\376\377\000N\000a\000m\000e\000s\000p\000a\000c\000e\000\040\000I\000n\000d\000e\000x}{}% 1
\BOOKMARK [1][-]{section.1.1}{\376\377\000P\000a\000c\000k\000a\000g\000e\000s}{chapter.1}% 2
\BOOKMARK [0][-]{chapter.2}{\376\377\000H\000i\000e\000r\000a\000r\000c\000h\000i\000c\000a\000l\000\040\000I\000n\000d\000e\000x}{}% 3
\BOOKMARK [1][-]{section.2.1}{\376\377\000C\000l\000a\000s\000s\000\040\000H\000i\000e\000r\000a\000r\000c\000h\000y}{chapter.2}% 4
\BOOKMARK [0][-]{chapter.3}{\376\377\000C\000l\000a\000s\000s\000\040\000I\000n\000d\000e\000x}{}% 5
\BOOKMARK [1][-]{section.3.1}{\376\377\000C\000l\000a\000s\000s\000\040\000L\000i\000s\000t}{chapter.3}% 6
\BOOKMARK [0][-]{chapter.4}{\376\377\000F\000i\000l\000e\000\040\000I\000n\000d\000e\000x}{}% 7
\BOOKMARK [1][-]{section.4.1}{\376\377\000F\000i\000l\000e\000\040\000L\000i\000s\000t}{chapter.4}% 8
\BOOKMARK [0][-]{chapter.5}{\376\377\000N\000a\000m\000e\000s\000p\000a\000c\000e\000\040\000D\000o\000c\000u\000m\000e\000n\000t\000a\000t\000i\000o\000n}{}% 9
\BOOKMARK [1][-]{section.5.1}{\376\377\000P\000a\000c\000k\000a\000g\000e\000\040\000W\000e\000b\000r\000a\000d\000i\000o\000M\000a\000n\000a\000g\000e\000r}{chapter.5}% 10
\BOOKMARK [0][-]{chapter.6}{\376\377\000C\000l\000a\000s\000s\000\040\000D\000o\000c\000u\000m\000e\000n\000t\000a\000t\000i\000o\000n}{}% 11
\BOOKMARK [1][-]{section.6.1}{\376\377\000W\000e\000b\000r\000a\000d\000i\000o\000M\000a\000n\000a\000g\000e\000r\000.\000A\000d\000\040\000C\000l\000a\000s\000s\000\040\000R\000e\000f\000e\000r\000e\000n\000c\000e}{chapter.6}% 12
\BOOKMARK [2][-]{subsection.6.1.1}{\376\377\000D\000e\000t\000a\000i\000l\000e\000d\000\040\000D\000e\000s\000c\000r\000i\000p\000t\000i\000o\000n}{section.6.1}% 13
\BOOKMARK [2][-]{subsection.6.1.2}{\376\377\000C\000o\000n\000s\000t\000r\000u\000c\000t\000o\000r\000\040\000\046\000\040\000D\000e\000s\000t\000r\000u\000c\000t\000o\000r\000\040\000D\000o\000c\000u\000m\000e\000n\000t\000a\000t\000i\000o\000n}{section.6.1}% 14
\BOOKMARK [3][-]{subsubsection.6.1.2.1}{\376\377\000A\000d}{subsection.6.1.2}% 15
\BOOKMARK [3][-]{subsubsection.6.1.2.2}{\376\377\000A\000d}{subsection.6.1.2}% 16
\BOOKMARK [1][-]{section.6.2}{\376\377\000W\000e\000b\000r\000a\000d\000i\000o\000M\000a\000n\000a\000g\000e\000r\000.\000A\000d\000m\000i\000n\000C\000o\000n\000t\000r\000o\000l\000l\000e\000r\000\040\000C\000l\000a\000s\000s\000\040\000R\000e\000f\000e\000r\000e\000n\000c\000e}{chapter.6}% 17
\BOOKMARK [2][-]{subsection.6.2.1}{\376\377\000D\000e\000t\000a\000i\000l\000e\000d\000\040\000D\000e\000s\000c\000r\000i\000p\000t\000i\000o\000n}{section.6.2}% 18
\BOOKMARK [2][-]{subsection.6.2.2}{\376\377\000C\000o\000n\000s\000t\000r\000u\000c\000t\000o\000r\000\040\000\046\000\040\000D\000e\000s\000t\000r\000u\000c\000t\000o\000r\000\040\000D\000o\000c\000u\000m\000e\000n\000t\000a\000t\000i\000o\000n}{section.6.2}% 19
\BOOKMARK [3][-]{subsubsection.6.2.2.1}{\376\377\000A\000d\000m\000i\000n\000C\000o\000n\000t\000r\000o\000l\000l\000e\000r}{subsection.6.2.2}% 20
\BOOKMARK [2][-]{subsection.6.2.3}{\376\377\000M\000e\000m\000b\000e\000r\000\040\000F\000u\000n\000c\000t\000i\000o\000n\000\040\000D\000o\000c\000u\000m\000e\000n\000t\000a\000t\000i\000o\000n}{section.6.2}% 21
\BOOKMARK [3][-]{subsubsection.6.2.3.1}{\376\377\000A\000d\000d\000T\000o\000P\000l\000a\000y\000l\000i\000s\000t}{subsection.6.2.3}% 22
\BOOKMARK [3][-]{subsubsection.6.2.3.2}{\376\377\000C\000h\000e\000c\000k\000F\000o\000l\000d\000e\000r\000s}{subsection.6.2.3}% 23
\BOOKMARK [3][-]{subsubsection.6.2.3.3}{\376\377\000C\000h\000e\000c\000k\000L\000i\000b\000r\000a\000r\000y}{subsection.6.2.3}% 24
\BOOKMARK [3][-]{subsubsection.6.2.3.4}{\376\377\000C\000l\000e\000a\000r\000H\000i\000s\000t\000o\000r\000y}{subsection.6.2.3}% 25
\BOOKMARK [3][-]{subsubsection.6.2.3.5}{\376\377\000C\000r\000e\000a\000t\000e\000E\000v\000e\000n\000t}{subsection.6.2.3}% 26
\BOOKMARK [3][-]{subsubsection.6.2.3.6}{\376\377\000C\000r\000e\000a\000t\000e\000P\000l\000a\000y\000l\000i\000s\000t}{subsection.6.2.3}% 27
\BOOKMARK [3][-]{subsubsection.6.2.3.7}{\376\377\000C\000r\000e\000a\000t\000e\000T\000r\000a\000n\000s\000c\000o\000d\000e\000r}{subsection.6.2.3}% 28
\BOOKMARK [3][-]{subsubsection.6.2.3.8}{\376\377\000D\000e\000l\000e\000t\000e\000A\000u\000d\000i\000o\000F\000i\000l\000e}{subsection.6.2.3}% 29
\BOOKMARK [3][-]{subsubsection.6.2.3.9}{\376\377\000D\000e\000l\000e\000t\000e\000E\000v\000e\000n\000t}{subsection.6.2.3}% 30
\BOOKMARK [3][-]{subsubsection.6.2.3.10}{\376\377\000D\000e\000l\000e\000t\000e\000P\000l\000a\000y\000l\000i\000s\000t}{subsection.6.2.3}% 31
\BOOKMARK [3][-]{subsubsection.6.2.3.11}{\376\377\000D\000e\000l\000e\000t\000e\000T\000r\000a\000n\000s\000c\000o\000d\000e\000r}{subsection.6.2.3}% 32
\BOOKMARK [3][-]{subsubsection.6.2.3.12}{\376\377\000F\000o\000r\000m\000C\000l\000o\000s\000e}{subsection.6.2.3}% 33
\BOOKMARK [3][-]{subsubsection.6.2.3.13}{\376\377\000G\000e\000n\000e\000r\000a\000t\000e\000A\000l\000l\000C\000o\000n\000f\000i\000g\000s}{subsection.6.2.3}% 34
\BOOKMARK [3][-]{subsubsection.6.2.3.14}{\376\377\000G\000e\000n\000e\000r\000a\000t\000e\000H\000i\000s\000t\000o\000r\000y}{subsection.6.2.3}% 35
\BOOKMARK [3][-]{subsubsection.6.2.3.15}{\376\377\000G\000e\000n\000e\000r\000a\000t\000e\000P\000l\000a\000y\000l\000i\000s\000t}{subsection.6.2.3}% 36
\BOOKMARK [3][-]{subsubsection.6.2.3.16}{\376\377\000G\000e\000t\000A\000u\000d\000i\000o\000F\000i\000l\000e\000B\000y\000F\000i\000l\000e\000n\000a\000m\000e}{subsection.6.2.3}% 37
\BOOKMARK [3][-]{subsubsection.6.2.3.17}{\376\377\000G\000e\000t\000G\000e\000n\000d\000e\000r\000s}{subsection.6.2.3}% 38
\BOOKMARK [3][-]{subsubsection.6.2.3.18}{\376\377\000G\000e\000t\000L\000i\000b\000r\000a\000r\000y}{subsection.6.2.3}% 39
\BOOKMARK [3][-]{subsubsection.6.2.3.19}{\376\377\000G\000e\000t\000P\000l\000a\000y\000l\000i\000s\000t\000C\000o\000n\000t\000e\000n\000t}{subsection.6.2.3}% 40
\BOOKMARK [3][-]{subsubsection.6.2.3.20}{\376\377\000G\000e\000t\000S\000e\000r\000v\000e\000r\000L\000i\000s\000t\000e\000n\000e\000r\000s}{subsection.6.2.3}% 41
\BOOKMARK [3][-]{subsubsection.6.2.3.21}{\376\377\000G\000e\000t\000S\000i\000m\000i\000l\000a\000r\000V\000i\000e\000w\000C\000o\000u\000n\000t}{subsection.6.2.3}% 42
\BOOKMARK [3][-]{subsubsection.6.2.3.22}{\376\377\000G\000e\000t\000W\000e\000b\000r\000a\000d\000i\000o}{subsection.6.2.3}% 43
\BOOKMARK [3][-]{subsubsection.6.2.3.23}{\376\377\000I\000m\000p\000o\000r\000t\000F\000i\000l\000e\000s\000T\000o\000L\000i\000b\000r\000a\000r\000y}{subsection.6.2.3}% 44
\BOOKMARK [3][-]{subsubsection.6.2.3.24}{\376\377\000M\000o\000d\000i\000f\000y\000W\000e\000b\000r\000a\000d\000i\000o\000N\000a\000m\000e}{subsection.6.2.3}% 45
\BOOKMARK [3][-]{subsubsection.6.2.3.25}{\376\377\000R\000e\000m\000o\000v\000e\000F\000r\000o\000m\000P\000l\000a\000y\000l\000i\000s\000t}{subsection.6.2.3}% 46
\BOOKMARK [3][-]{subsubsection.6.2.3.26}{\376\377\000S\000h\000o\000w\000S\000e\000r\000v\000e\000r\000W\000e\000b\000A\000d\000m\000i\000n}{subsection.6.2.3}% 47
\BOOKMARK [3][-]{subsubsection.6.2.3.27}{\376\377\000S\000h\000o\000w\000S\000e\000r\000v\000e\000r\000W\000e\000b\000I\000n\000t\000e\000r\000f\000a\000c\000e}{subsection.6.2.3}% 48
\BOOKMARK [3][-]{subsubsection.6.2.3.28}{\376\377\000S\000t\000a\000r\000t\000S\000e\000r\000v\000e\000r}{subsection.6.2.3}% 49
\BOOKMARK [3][-]{subsubsection.6.2.3.29}{\376\377\000S\000t\000a\000r\000t\000T\000r\000a\000n\000s\000c\000o\000d\000e\000r}{subsection.6.2.3}% 50
\BOOKMARK [3][-]{subsubsection.6.2.3.30}{\376\377\000S\000t\000o\000p\000A\000l\000l\000T\000r\000a\000n\000s\000c\000o\000d\000e\000r\000s}{subsection.6.2.3}% 51
\BOOKMARK [3][-]{subsubsection.6.2.3.31}{\376\377\000S\000t\000o\000p\000S\000e\000r\000v\000e\000r}{subsection.6.2.3}% 52
\BOOKMARK [3][-]{subsubsection.6.2.3.32}{\376\377\000S\000t\000o\000p\000T\000r\000a\000n\000s\000c\000o\000d\000e\000r}{subsection.6.2.3}% 53
\BOOKMARK [3][-]{subsubsection.6.2.3.33}{\376\377\000T\000r\000a\000n\000s\000c\000o\000d\000e\000r\000C\000a\000p\000t\000u\000r\000e}{subsection.6.2.3}% 54
\BOOKMARK [3][-]{subsubsection.6.2.3.34}{\376\377\000T\000r\000a\000n\000s\000c\000o\000d\000e\000r\000N\000e\000x\000t\000T\000r\000a\000c\000k}{subsection.6.2.3}% 55
\BOOKMARK [3][-]{subsubsection.6.2.3.35}{\376\377\000U\000p\000d\000a\000t\000e\000A\000u\000d\000i\000o\000F\000i\000l\000e}{subsection.6.2.3}% 56
\BOOKMARK [3][-]{subsubsection.6.2.3.36}{\376\377\000U\000p\000d\000a\000t\000e\000E\000v\000e\000n\000t}{subsection.6.2.3}% 57
\BOOKMARK [3][-]{subsubsection.6.2.3.37}{\376\377\000U\000p\000d\000a\000t\000e\000S\000e\000r\000v\000e\000r}{subsection.6.2.3}% 58
\BOOKMARK [3][-]{subsubsection.6.2.3.38}{\376\377\000U\000p\000d\000a\000t\000e\000S\000e\000r\000v\000e\000r\000S\000t\000a\000t\000s}{subsection.6.2.3}% 59
\BOOKMARK [3][-]{subsubsection.6.2.3.39}{\376\377\000U\000p\000d\000a\000t\000e\000T\000r\000a\000n\000s\000c\000o\000d\000e\000r}{subsection.6.2.3}% 60
\BOOKMARK [3][-]{subsubsection.6.2.3.40}{\376\377\000U\000p\000d\000a\000t\000e\000V\000i\000e\000w}{subsection.6.2.3}% 61
\BOOKMARK [2][-]{subsection.6.2.4}{\376\377\000P\000r\000o\000p\000e\000r\000t\000y\000\040\000D\000o\000c\000u\000m\000e\000n\000t\000a\000t\000i\000o\000n}{section.6.2}% 62
\BOOKMARK [3][-]{subsubsection.6.2.4.1}{\376\377\000M\000o\000d\000e\000l}{subsection.6.2.4}% 63
\BOOKMARK [3][-]{subsubsection.6.2.4.2}{\376\377\000V\000i\000e\000w}{subsection.6.2.4}% 64
\BOOKMARK [1][-]{section.6.3}{\376\377\000W\000e\000b\000r\000a\000d\000i\000o\000M\000a\000n\000a\000g\000e\000r\000.\000A\000d\000m\000i\000n\000V\000i\000e\000w\000\040\000C\000l\000a\000s\000s\000\040\000R\000e\000f\000e\000r\000e\000n\000c\000e}{chapter.6}% 65
\BOOKMARK [2][-]{subsection.6.3.1}{\376\377\000D\000e\000t\000a\000i\000l\000e\000d\000\040\000D\000e\000s\000c\000r\000i\000p\000t\000i\000o\000n}{section.6.3}% 66
\BOOKMARK [2][-]{subsection.6.3.2}{\376\377\000C\000o\000n\000s\000t\000r\000u\000c\000t\000o\000r\000\040\000\046\000\040\000D\000e\000s\000t\000r\000u\000c\000t\000o\000r\000\040\000D\000o\000c\000u\000m\000e\000n\000t\000a\000t\000i\000o\000n}{section.6.3}% 67
\BOOKMARK [3][-]{subsubsection.6.3.2.1}{\376\377\000A\000d\000m\000i\000n\000V\000i\000e\000w}{subsection.6.3.2}% 68
\BOOKMARK [2][-]{subsection.6.3.3}{\376\377\000M\000e\000m\000b\000e\000r\000\040\000F\000u\000n\000c\000t\000i\000o\000n\000\040\000D\000o\000c\000u\000m\000e\000n\000t\000a\000t\000i\000o\000n}{section.6.3}% 69
\BOOKMARK [3][-]{subsubsection.6.3.3.1}{\376\377\000U\000p\000d\000a\000t\000e\000V\000i\000e\000w}{subsection.6.3.3}% 70
\BOOKMARK [2][-]{subsection.6.3.4}{\376\377\000P\000r\000o\000p\000e\000r\000t\000y\000\040\000D\000o\000c\000u\000m\000e\000n\000t\000a\000t\000i\000o\000n}{section.6.3}% 71
\BOOKMARK [3][-]{subsubsection.6.3.4.1}{\376\377\000C\000o\000n\000t\000r\000o\000l\000l\000e\000r}{subsection.6.3.4}% 72
\BOOKMARK [3][-]{subsubsection.6.3.4.2}{\376\377\000E\000v\000e\000n\000t\000s\000C\000a\000l\000e\000n\000d\000a\000r}{subsection.6.3.4}% 73
\BOOKMARK [3][-]{subsubsection.6.3.4.3}{\376\377\000I\000d\000W\000e\000b\000r\000a\000d\000i\000o}{subsection.6.3.4}% 74
\BOOKMARK [3][-]{subsubsection.6.3.4.4}{\376\377\000N\000a\000m\000e\000W\000e\000b\000r\000a\000d\000i\000o}{subsection.6.3.4}% 75
\BOOKMARK [1][-]{section.6.4}{\376\377\000W\000e\000b\000r\000a\000d\000i\000o\000M\000a\000n\000a\000g\000e\000r\000.\000A\000u\000d\000i\000o\000F\000i\000l\000e\000\040\000C\000l\000a\000s\000s\000\040\000R\000e\000f\000e\000r\000e\000n\000c\000e}{chapter.6}% 76
\BOOKMARK [2][-]{subsection.6.4.1}{\376\377\000D\000e\000t\000a\000i\000l\000e\000d\000\040\000D\000e\000s\000c\000r\000i\000p\000t\000i\000o\000n}{section.6.4}% 77
\BOOKMARK [2][-]{subsection.6.4.2}{\376\377\000C\000o\000n\000s\000t\000r\000u\000c\000t\000o\000r\000\040\000\046\000\040\000D\000e\000s\000t\000r\000u\000c\000t\000o\000r\000\040\000D\000o\000c\000u\000m\000e\000n\000t\000a\000t\000i\000o\000n}{section.6.4}% 78
\BOOKMARK [3][-]{subsubsection.6.4.2.1}{\376\377\000A\000u\000d\000i\000o\000F\000i\000l\000e}{subsection.6.4.2}% 79
\BOOKMARK [3][-]{subsubsection.6.4.2.2}{\376\377\000A\000u\000d\000i\000o\000F\000i\000l\000e}{subsection.6.4.2}% 80
\BOOKMARK [2][-]{subsection.6.4.3}{\376\377\000P\000r\000o\000p\000e\000r\000t\000y\000\040\000D\000o\000c\000u\000m\000e\000n\000t\000a\000t\000i\000o\000n}{section.6.4}% 81
\BOOKMARK [3][-]{subsubsection.6.4.3.1}{\376\377\000A\000l\000b\000u\000m}{subsection.6.4.3}% 82
\BOOKMARK [3][-]{subsubsection.6.4.3.2}{\376\377\000A\000r\000t\000i\000s\000t}{subsection.6.4.3}% 83
\BOOKMARK [3][-]{subsubsection.6.4.3.3}{\376\377\000D\000u\000r\000a\000t\000i\000o\000n}{subsection.6.4.3}% 84
\BOOKMARK [3][-]{subsubsection.6.4.3.4}{\376\377\000F\000i\000l\000e\000n\000a\000m\000e}{subsection.6.4.3}% 85
\BOOKMARK [3][-]{subsubsection.6.4.3.5}{\376\377\000G\000e\000n\000d\000e\000r}{subsection.6.4.3}% 86
\BOOKMARK [3][-]{subsubsection.6.4.3.6}{\376\377\000I\000d}{subsection.6.4.3}% 87
\BOOKMARK [3][-]{subsubsection.6.4.3.7}{\376\377\000L\000a\000b\000e\000l}{subsection.6.4.3}% 88
\BOOKMARK [3][-]{subsubsection.6.4.3.8}{\376\377\000T\000i\000t\000l\000e}{subsection.6.4.3}% 89
\BOOKMARK [3][-]{subsubsection.6.4.3.9}{\376\377\000T\000y\000p\000e}{subsection.6.4.3}% 90
\BOOKMARK [3][-]{subsubsection.6.4.3.10}{\376\377\000Y\000e\000a\000r}{subsection.6.4.3}% 91
\BOOKMARK [1][-]{section.6.5}{\376\377\000W\000e\000b\000r\000a\000d\000i\000o\000M\000a\000n\000a\000g\000e\000r\000.\000B\000d\000d\000\040\000C\000l\000a\000s\000s\000\040\000R\000e\000f\000e\000r\000e\000n\000c\000e}{chapter.6}% 92
\BOOKMARK [2][-]{subsection.6.5.1}{\376\377\000D\000e\000t\000a\000i\000l\000e\000d\000\040\000D\000e\000s\000c\000r\000i\000p\000t\000i\000o\000n}{section.6.5}% 93
\BOOKMARK [2][-]{subsection.6.5.2}{\376\377\000C\000o\000n\000s\000t\000r\000u\000c\000t\000o\000r\000\040\000\046\000\040\000D\000e\000s\000t\000r\000u\000c\000t\000o\000r\000\040\000D\000o\000c\000u\000m\000e\000n\000t\000a\000t\000i\000o\000n}{section.6.5}% 94
\BOOKMARK [3][-]{subsubsection.6.5.2.1}{\376\377\000B\000d\000d}{subsection.6.5.2}% 95
\BOOKMARK [2][-]{subsection.6.5.3}{\376\377\000M\000e\000m\000b\000e\000r\000\040\000F\000u\000n\000c\000t\000i\000o\000n\000\040\000D\000o\000c\000u\000m\000e\000n\000t\000a\000t\000i\000o\000n}{section.6.5}% 96
\BOOKMARK [3][-]{subsubsection.6.5.3.1}{\376\377\000A\000d\000d\000A\000u\000d\000i\000o\000F\000i\000l\000e}{subsection.6.5.3}% 97
\BOOKMARK [3][-]{subsubsection.6.5.3.2}{\376\377\000A\000d\000d\000E\000v\000e\000n\000t}{subsection.6.5.3}% 98
\BOOKMARK [3][-]{subsubsection.6.5.3.3}{\376\377\000A\000d\000d\000G\000e\000n\000d\000e\000r}{subsection.6.5.3}% 99
\BOOKMARK [3][-]{subsubsection.6.5.3.4}{\376\377\000A\000d\000d\000G\000e\000n\000e\000r\000a\000t\000e\000d\000P\000l\000a\000y\000l\000i\000s\000t}{subsection.6.5.3}% 100
\BOOKMARK [3][-]{subsubsection.6.5.3.5}{\376\377\000A\000d\000d\000T\000o\000H\000i\000s\000t\000o\000r\000y}{subsection.6.5.3}% 101
\BOOKMARK [3][-]{subsubsection.6.5.3.6}{\376\377\000A\000d\000d\000T\000o\000P\000l\000a\000y\000l\000i\000s\000t}{subsection.6.5.3}% 102
\BOOKMARK [3][-]{subsubsection.6.5.3.7}{\376\377\000A\000d\000d\000T\000r\000a\000n\000s\000c\000o\000d\000e\000r}{subsection.6.5.3}% 103
\BOOKMARK [3][-]{subsubsection.6.5.3.8}{\376\377\000A\000d\000d\000W\000e\000b\000r\000a\000d\000i\000o}{subsection.6.5.3}% 104
\BOOKMARK [3][-]{subsubsection.6.5.3.9}{\376\377\000A\000u\000d\000i\000o\000F\000i\000l\000e\000E\000x\000i\000s\000t}{subsection.6.5.3}% 105
\BOOKMARK [3][-]{subsubsection.6.5.3.10}{\376\377\000C\000l\000e\000a\000r\000H\000i\000s\000t\000o\000r\000y}{subsection.6.5.3}% 106
\BOOKMARK [3][-]{subsubsection.6.5.3.11}{\376\377\000C\000r\000e\000a\000t\000e\000P\000l\000a\000y\000l\000i\000s\000t}{subsection.6.5.3}% 107
\BOOKMARK [3][-]{subsubsection.6.5.3.12}{\376\377\000D\000e\000l\000e\000t\000e\000A\000u\000d\000i\000o\000F\000i\000l\000e}{subsection.6.5.3}% 108
\BOOKMARK [3][-]{subsubsection.6.5.3.13}{\376\377\000D\000e\000l\000e\000t\000e\000E\000v\000e\000n\000t}{subsection.6.5.3}% 109
\BOOKMARK [3][-]{subsubsection.6.5.3.14}{\376\377\000D\000e\000l\000e\000t\000e\000P\000l\000a\000y\000l\000i\000s\000t}{subsection.6.5.3}% 110
\BOOKMARK [3][-]{subsubsection.6.5.3.15}{\376\377\000D\000e\000l\000e\000t\000e\000T\000r\000a\000n\000s\000c\000o\000d\000e\000r}{subsection.6.5.3}% 111
\BOOKMARK [3][-]{subsubsection.6.5.3.16}{\376\377\000D\000e\000l\000e\000t\000e\000W\000e\000b\000r\000a\000d\000i\000o}{subsection.6.5.3}% 112
\BOOKMARK [3][-]{subsubsection.6.5.3.17}{\376\377\000E\000v\000e\000n\000t\000E\000x\000i\000s\000t}{subsection.6.5.3}% 113
\BOOKMARK [3][-]{subsubsection.6.5.3.18}{\376\377\000G\000e\000t\000G\000e\000n\000d\000e\000r\000I\000d}{subsection.6.5.3}% 114
\BOOKMARK [3][-]{subsubsection.6.5.3.19}{\376\377\000G\000e\000t\000G\000e\000n\000d\000e\000r\000s}{subsection.6.5.3}% 115
\BOOKMARK [3][-]{subsubsection.6.5.3.20}{\376\377\000G\000e\000t\000H\000i\000s\000t\000o\000r\000y}{subsection.6.5.3}% 116
\BOOKMARK [3][-]{subsubsection.6.5.3.21}{\376\377\000L\000o\000a\000d\000L\000i\000b\000r\000a\000r\000y}{subsection.6.5.3}% 117
\BOOKMARK [3][-]{subsubsection.6.5.3.22}{\376\377\000L\000o\000a\000d\000W\000e\000b\000r\000a\000d\000i\000o\000s}{subsection.6.5.3}% 118
\BOOKMARK [3][-]{subsubsection.6.5.3.23}{\376\377\000M\000o\000d\000i\000f\000y\000W\000e\000b\000r\000a\000d\000i\000o\000N\000a\000m\000e}{subsection.6.5.3}% 119
\BOOKMARK [3][-]{subsubsection.6.5.3.24}{\376\377\000R\000e\000m\000o\000v\000e\000F\000r\000o\000m\000P\000l\000a\000y\000l\000i\000s\000t}{subsection.6.5.3}% 120
\BOOKMARK [3][-]{subsubsection.6.5.3.25}{\376\377\000T\000r\000a\000n\000s\000c\000o\000d\000e\000r\000E\000x\000i\000s\000t}{subsection.6.5.3}% 121
\BOOKMARK [3][-]{subsubsection.6.5.3.26}{\376\377\000U\000p\000d\000a\000t\000e\000A\000u\000d\000i\000o\000F\000i\000l\000e}{subsection.6.5.3}% 122
\BOOKMARK [3][-]{subsubsection.6.5.3.27}{\376\377\000U\000p\000d\000a\000t\000e\000E\000v\000e\000n\000t}{subsection.6.5.3}% 123
\BOOKMARK [3][-]{subsubsection.6.5.3.28}{\376\377\000U\000p\000d\000a\000t\000e\000F\000i\000l\000e\000n\000a\000m\000e\000s}{subsection.6.5.3}% 124
\BOOKMARK [3][-]{subsubsection.6.5.3.29}{\376\377\000U\000p\000d\000a\000t\000e\000S\000e\000r\000v\000e\000r}{subsection.6.5.3}% 125
\BOOKMARK [3][-]{subsubsection.6.5.3.30}{\376\377\000U\000p\000d\000a\000t\000e\000T\000r\000a\000n\000s\000c\000o\000d\000e\000r}{subsection.6.5.3}% 126
\BOOKMARK [3][-]{subsubsection.6.5.3.31}{\376\377\000W\000e\000b\000r\000a\000d\000i\000o\000E\000x\000i\000s\000t}{subsection.6.5.3}% 127
\BOOKMARK [2][-]{subsection.6.5.4}{\376\377\000P\000r\000o\000p\000e\000r\000t\000y\000\040\000D\000o\000c\000u\000m\000e\000n\000t\000a\000t\000i\000o\000n}{section.6.5}% 128
\BOOKMARK [3][-]{subsubsection.6.5.4.1}{\376\377\000C\000o\000n\000t\000r\000o\000l\000s}{subsection.6.5.4}% 129
\BOOKMARK [1][-]{section.6.6}{\376\377\000W\000e\000b\000r\000a\000d\000i\000o\000M\000a\000n\000a\000g\000e\000r\000.\000B\000d\000d\000C\000o\000n\000t\000r\000o\000l\000s\000\040\000C\000l\000a\000s\000s\000\040\000R\000e\000f\000e\000r\000e\000n\000c\000e}{chapter.6}% 130
\BOOKMARK [2][-]{subsection.6.6.1}{\376\377\000D\000e\000t\000a\000i\000l\000e\000d\000\040\000D\000e\000s\000c\000r\000i\000p\000t\000i\000o\000n}{section.6.6}% 131
\BOOKMARK [2][-]{subsection.6.6.2}{\376\377\000M\000e\000m\000b\000e\000r\000\040\000F\000u\000n\000c\000t\000i\000o\000n\000\040\000D\000o\000c\000u\000m\000e\000n\000t\000a\000t\000i\000o\000n}{section.6.6}% 132
\BOOKMARK [3][-]{subsubsection.6.6.2.1}{\376\377\000C\000l\000e\000a\000r\000D\000B}{subsection.6.6.2}% 133
\BOOKMARK [3][-]{subsubsection.6.6.2.2}{\376\377\000C\000l\000e\000a\000r\000T\000a\000b\000l\000e}{subsection.6.6.2}% 134
\BOOKMARK [3][-]{subsubsection.6.6.2.3}{\376\377\000D\000e\000l\000e\000t\000e}{subsection.6.6.2}% 135
\BOOKMARK [3][-]{subsubsection.6.6.2.4}{\376\377\000E\000x\000e\000c\000u\000t\000e\000D\000a\000t\000a\000R\000e\000a\000d\000e\000r}{subsection.6.6.2}% 136
\BOOKMARK [3][-]{subsubsection.6.6.2.5}{\376\377\000E\000x\000e\000c\000u\000t\000e\000N\000o\000n\000Q\000u\000e\000r\000y}{subsection.6.6.2}% 137
\BOOKMARK [3][-]{subsubsection.6.6.2.6}{\376\377\000E\000x\000e\000c\000u\000t\000e\000S\000c\000a\000l\000a\000r}{subsection.6.6.2}% 138
\BOOKMARK [3][-]{subsubsection.6.6.2.7}{\376\377\000G\000e\000t\000D\000a\000t\000a\000T\000a\000b\000l\000e}{subsection.6.6.2}% 139
\BOOKMARK [3][-]{subsubsection.6.6.2.8}{\376\377\000I\000n\000s\000e\000r\000t}{subsection.6.6.2}% 140
\BOOKMARK [3][-]{subsubsection.6.6.2.9}{\376\377\000U\000p\000d\000a\000t\000e}{subsection.6.6.2}% 141
\BOOKMARK [1][-]{section.6.7}{\376\377\000W\000e\000b\000r\000a\000d\000i\000o\000M\000a\000n\000a\000g\000e\000r\000.\000C\000a\000l\000e\000n\000d\000a\000r\000E\000v\000e\000n\000t\000\040\000C\000l\000a\000s\000s\000\040\000R\000e\000f\000e\000r\000e\000n\000c\000e}{chapter.6}% 142
\BOOKMARK [2][-]{subsection.6.7.1}{\376\377\000D\000e\000t\000a\000i\000l\000e\000d\000\040\000D\000e\000s\000c\000r\000i\000p\000t\000i\000o\000n}{section.6.7}% 143
\BOOKMARK [2][-]{subsection.6.7.2}{\376\377\000C\000o\000n\000s\000t\000r\000u\000c\000t\000o\000r\000\040\000\046\000\040\000D\000e\000s\000t\000r\000u\000c\000t\000o\000r\000\040\000D\000o\000c\000u\000m\000e\000n\000t\000a\000t\000i\000o\000n}{section.6.7}% 144
\BOOKMARK [3][-]{subsubsection.6.7.2.1}{\376\377\000C\000a\000l\000e\000n\000d\000a\000r\000E\000v\000e\000n\000t}{subsection.6.7.2}% 145
\BOOKMARK [3][-]{subsubsection.6.7.2.2}{\376\377\000C\000a\000l\000e\000n\000d\000a\000r\000E\000v\000e\000n\000t}{subsection.6.7.2}% 146
\BOOKMARK [2][-]{subsection.6.7.3}{\376\377\000M\000e\000m\000b\000e\000r\000\040\000F\000u\000n\000c\000t\000i\000o\000n\000\040\000D\000o\000c\000u\000m\000e\000n\000t\000a\000t\000i\000o\000n}{section.6.7}% 147
\BOOKMARK [3][-]{subsubsection.6.7.3.1}{\376\377\000G\000e\000t\000S\000e\000l\000e\000c\000t\000e\000d\000D\000a\000y\000s}{subsection.6.7.3}% 148
\BOOKMARK [2][-]{subsection.6.7.4}{\376\377\000P\000r\000o\000p\000e\000r\000t\000y\000\040\000D\000o\000c\000u\000m\000e\000n\000t\000a\000t\000i\000o\000n}{section.6.7}% 149
\BOOKMARK [3][-]{subsubsection.6.7.4.1}{\376\377\000D\000u\000r\000a\000t\000i\000o\000n}{subsection.6.7.4}% 150
\BOOKMARK [3][-]{subsubsection.6.7.4.2}{\376\377\000I\000d}{subsection.6.7.4}% 151
\BOOKMARK [3][-]{subsubsection.6.7.4.3}{\376\377\000L\000o\000o\000p\000a\000t\000e\000n\000d}{subsection.6.7.4}% 152
\BOOKMARK [3][-]{subsubsection.6.7.4.4}{\376\377\000N\000a\000m\000e}{subsection.6.7.4}% 153
\BOOKMARK [3][-]{subsubsection.6.7.4.5}{\376\377\000P\000l\000a\000y\000l\000i\000s\000t}{subsection.6.7.4}% 154
\BOOKMARK [3][-]{subsubsection.6.7.4.6}{\376\377\000P\000r\000i\000o\000r\000i\000t\000y}{subsection.6.7.4}% 155
\BOOKMARK [3][-]{subsubsection.6.7.4.7}{\376\377\000R\000e\000p\000e\000a\000t}{subsection.6.7.4}% 156
\BOOKMARK [3][-]{subsubsection.6.7.4.8}{\376\377\000S\000h\000u\000f\000f\000l\000e}{subsection.6.7.4}% 157
\BOOKMARK [3][-]{subsubsection.6.7.4.9}{\376\377\000S\000t\000a\000r\000t\000T\000i\000m\000e}{subsection.6.7.4}% 158
\BOOKMARK [1][-]{section.6.8}{\376\377\000W\000e\000b\000r\000a\000d\000i\000o\000M\000a\000n\000a\000g\000e\000r\000.\000D\000a\000y\000W\000e\000e\000k\000\040\000S\000t\000r\000u\000c\000t\000\040\000R\000e\000f\000e\000r\000e\000n\000c\000e}{chapter.6}% 159
\BOOKMARK [2][-]{subsection.6.8.1}{\376\377\000D\000e\000t\000a\000i\000l\000e\000d\000\040\000D\000e\000s\000c\000r\000i\000p\000t\000i\000o\000n}{section.6.8}% 160
\BOOKMARK [2][-]{subsection.6.8.2}{\376\377\000P\000r\000o\000p\000e\000r\000t\000y\000\040\000D\000o\000c\000u\000m\000e\000n\000t\000a\000t\000i\000o\000n}{section.6.8}% 161
\BOOKMARK [3][-]{subsubsection.6.8.2.1}{\376\377\000F\000r\000i\000d\000a\000y}{subsection.6.8.2}% 162
\BOOKMARK [3][-]{subsubsection.6.8.2.2}{\376\377\000M\000o\000n\000d\000a\000y}{subsection.6.8.2}% 163
\BOOKMARK [3][-]{subsubsection.6.8.2.3}{\376\377\000S\000a\000t\000u\000r\000d\000a\000y}{subsection.6.8.2}% 164
\BOOKMARK [3][-]{subsubsection.6.8.2.4}{\376\377\000S\000u\000n\000d\000a\000y}{subsection.6.8.2}% 165
\BOOKMARK [3][-]{subsubsection.6.8.2.5}{\376\377\000T\000h\000u\000r\000s\000d\000a\000y}{subsection.6.8.2}% 166
\BOOKMARK [3][-]{subsubsection.6.8.2.6}{\376\377\000T\000u\000e\000s\000d\000a\000y}{subsection.6.8.2}% 167
\BOOKMARK [3][-]{subsubsection.6.8.2.7}{\376\377\000W\000e\000d\000n\000e\000s\000d\000a\000y}{subsection.6.8.2}% 168
\BOOKMARK [1][-]{section.6.9}{\376\377\000W\000e\000b\000r\000a\000d\000i\000o\000M\000a\000n\000a\000g\000e\000r\000.\000E\000v\000e\000n\000t\000A\000p\000p\000o\000i\000n\000t\000m\000e\000n\000t\000\040\000C\000l\000a\000s\000s\000\040\000R\000e\000f\000e\000r\000e\000n\000c\000e}{chapter.6}% 169
\BOOKMARK [2][-]{subsection.6.9.1}{\376\377\000D\000e\000t\000a\000i\000l\000e\000d\000\040\000D\000e\000s\000c\000r\000i\000p\000t\000i\000o\000n}{section.6.9}% 170
\BOOKMARK [2][-]{subsection.6.9.2}{\376\377\000C\000o\000n\000s\000t\000r\000u\000c\000t\000o\000r\000\040\000\046\000\040\000D\000e\000s\000t\000r\000u\000c\000t\000o\000r\000\040\000D\000o\000c\000u\000m\000e\000n\000t\000a\000t\000i\000o\000n}{section.6.9}% 171
\BOOKMARK [3][-]{subsubsection.6.9.2.1}{\376\377\000E\000v\000e\000n\000t\000A\000p\000p\000o\000i\000n\000t\000m\000e\000n\000t}{subsection.6.9.2}% 172
\BOOKMARK [2][-]{subsection.6.9.3}{\376\377\000P\000r\000o\000p\000e\000r\000t\000y\000\040\000D\000o\000c\000u\000m\000e\000n\000t\000a\000t\000i\000o\000n}{section.6.9}% 173
\BOOKMARK [3][-]{subsubsection.6.9.3.1}{\376\377\000E\000v\000e\000n\000t\000O\000b\000j\000e\000c\000t}{subsection.6.9.3}% 174
\BOOKMARK [3][-]{subsubsection.6.9.3.2}{\376\377\000P\000l\000a\000y\000l\000i\000s\000t}{subsection.6.9.3}% 175
\BOOKMARK [1][-]{section.6.10}{\376\377\000W\000e\000b\000r\000a\000d\000i\000o\000M\000a\000n\000a\000g\000e\000r\000.\000I\000C\000o\000n\000t\000r\000o\000l\000l\000e\000r\000\040\000I\000n\000t\000e\000r\000f\000a\000c\000e\000\040\000R\000e\000f\000e\000r\000e\000n\000c\000e}{chapter.6}% 176
\BOOKMARK [2][-]{subsection.6.10.1}{\376\377\000D\000e\000t\000a\000i\000l\000e\000d\000\040\000D\000e\000s\000c\000r\000i\000p\000t\000i\000o\000n}{section.6.10}% 177
\BOOKMARK [1][-]{section.6.11}{\376\377\000W\000e\000b\000r\000a\000d\000i\000o\000M\000a\000n\000a\000g\000e\000r\000.\000M\000u\000s\000i\000c\000\040\000C\000l\000a\000s\000s\000\040\000R\000e\000f\000e\000r\000e\000n\000c\000e}{chapter.6}% 178
\BOOKMARK [2][-]{subsection.6.11.1}{\376\377\000D\000e\000t\000a\000i\000l\000e\000d\000\040\000D\000e\000s\000c\000r\000i\000p\000t\000i\000o\000n}{section.6.11}% 179
\BOOKMARK [2][-]{subsection.6.11.2}{\376\377\000C\000o\000n\000s\000t\000r\000u\000c\000t\000o\000r\000\040\000\046\000\040\000D\000e\000s\000t\000r\000u\000c\000t\000o\000r\000\040\000D\000o\000c\000u\000m\000e\000n\000t\000a\000t\000i\000o\000n}{section.6.11}% 180
\BOOKMARK [3][-]{subsubsection.6.11.2.1}{\376\377\000M\000u\000s\000i\000c}{subsection.6.11.2}% 181
\BOOKMARK [3][-]{subsubsection.6.11.2.2}{\376\377\000M\000u\000s\000i\000c}{subsection.6.11.2}% 182
\BOOKMARK [1][-]{section.6.12}{\376\377\000W\000e\000b\000r\000a\000d\000i\000o\000M\000a\000n\000a\000g\000e\000r\000.\000P\000l\000a\000y\000l\000i\000s\000t\000\040\000C\000l\000a\000s\000s\000\040\000R\000e\000f\000e\000r\000e\000n\000c\000e}{chapter.6}% 183
\BOOKMARK [2][-]{subsection.6.12.1}{\376\377\000D\000e\000t\000a\000i\000l\000e\000d\000\040\000D\000e\000s\000c\000r\000i\000p\000t\000i\000o\000n}{section.6.12}% 184
\BOOKMARK [2][-]{subsection.6.12.2}{\376\377\000C\000o\000n\000s\000t\000r\000u\000c\000t\000o\000r\000\040\000\046\000\040\000D\000e\000s\000t\000r\000u\000c\000t\000o\000r\000\040\000D\000o\000c\000u\000m\000e\000n\000t\000a\000t\000i\000o\000n}{section.6.12}% 185
\BOOKMARK [3][-]{subsubsection.6.12.2.1}{\376\377\000P\000l\000a\000y\000l\000i\000s\000t}{subsection.6.12.2}% 186
\BOOKMARK [3][-]{subsubsection.6.12.2.2}{\376\377\000P\000l\000a\000y\000l\000i\000s\000t}{subsection.6.12.2}% 187
\BOOKMARK [2][-]{subsection.6.12.3}{\376\377\000M\000e\000m\000b\000e\000r\000\040\000F\000u\000n\000c\000t\000i\000o\000n\000\040\000D\000o\000c\000u\000m\000e\000n\000t\000a\000t\000i\000o\000n}{section.6.12}% 188
\BOOKMARK [3][-]{subsubsection.6.12.3.1}{\376\377\000G\000e\000n\000e\000r\000a\000t\000e\000C\000o\000n\000f\000i\000g\000F\000i\000l\000e}{subsection.6.12.3}% 189
\BOOKMARK [3][-]{subsubsection.6.12.3.2}{\376\377\000T\000o\000S\000t\000r\000i\000n\000g}{subsection.6.12.3}% 190
\BOOKMARK [2][-]{subsection.6.12.4}{\376\377\000P\000r\000o\000p\000e\000r\000t\000y\000\040\000D\000o\000c\000u\000m\000e\000n\000t\000a\000t\000i\000o\000n}{section.6.12}% 191
\BOOKMARK [3][-]{subsubsection.6.12.4.1}{\376\377\000A\000u\000d\000i\000o\000F\000i\000l\000e\000L\000i\000s\000t}{subsection.6.12.4}% 192
\BOOKMARK [3][-]{subsubsection.6.12.4.2}{\376\377\000F\000i\000l\000e\000n\000a\000m\000e}{subsection.6.12.4}% 193
\BOOKMARK [3][-]{subsubsection.6.12.4.3}{\376\377\000I\000d}{subsection.6.12.4}% 194
\BOOKMARK [3][-]{subsubsection.6.12.4.4}{\376\377\000N\000a\000m\000e}{subsection.6.12.4}% 195
\BOOKMARK [3][-]{subsubsection.6.12.4.5}{\376\377\000T\000y\000p\000e}{subsection.6.12.4}% 196
\BOOKMARK [1][-]{section.6.13}{\376\377\000W\000e\000b\000r\000a\000d\000i\000o\000M\000a\000n\000a\000g\000e\000r\000.\000P\000l\000a\000y\000l\000i\000s\000t\000A\000d\000\040\000C\000l\000a\000s\000s\000\040\000R\000e\000f\000e\000r\000e\000n\000c\000e}{chapter.6}% 197
\BOOKMARK [2][-]{subsection.6.13.1}{\376\377\000D\000e\000t\000a\000i\000l\000e\000d\000\040\000D\000e\000s\000c\000r\000i\000p\000t\000i\000o\000n}{section.6.13}% 198
\BOOKMARK [2][-]{subsection.6.13.2}{\376\377\000C\000o\000n\000s\000t\000r\000u\000c\000t\000o\000r\000\040\000\046\000\040\000D\000e\000s\000t\000r\000u\000c\000t\000o\000r\000\040\000D\000o\000c\000u\000m\000e\000n\000t\000a\000t\000i\000o\000n}{section.6.13}% 199
\BOOKMARK [3][-]{subsubsection.6.13.2.1}{\376\377\000P\000l\000a\000y\000l\000i\000s\000t\000A\000d}{subsection.6.13.2}% 200
\BOOKMARK [3][-]{subsubsection.6.13.2.2}{\376\377\000P\000l\000a\000y\000l\000i\000s\000t\000A\000d}{subsection.6.13.2}% 201
\BOOKMARK [1][-]{section.6.14}{\376\377\000W\000e\000b\000r\000a\000d\000i\000o\000M\000a\000n\000a\000g\000e\000r\000.\000P\000l\000a\000y\000l\000i\000s\000t\000M\000u\000s\000i\000c\000\040\000C\000l\000a\000s\000s\000\040\000R\000e\000f\000e\000r\000e\000n\000c\000e}{chapter.6}% 202
\BOOKMARK [2][-]{subsection.6.14.1}{\376\377\000D\000e\000t\000a\000i\000l\000e\000d\000\040\000D\000e\000s\000c\000r\000i\000p\000t\000i\000o\000n}{section.6.14}% 203
\BOOKMARK [2][-]{subsection.6.14.2}{\376\377\000C\000o\000n\000s\000t\000r\000u\000c\000t\000o\000r\000\040\000\046\000\040\000D\000e\000s\000t\000r\000u\000c\000t\000o\000r\000\040\000D\000o\000c\000u\000m\000e\000n\000t\000a\000t\000i\000o\000n}{section.6.14}% 204
\BOOKMARK [3][-]{subsubsection.6.14.2.1}{\376\377\000P\000l\000a\000y\000l\000i\000s\000t\000M\000u\000s\000i\000c}{subsection.6.14.2}% 205
\BOOKMARK [3][-]{subsubsection.6.14.2.2}{\376\377\000P\000l\000a\000y\000l\000i\000s\000t\000M\000u\000s\000i\000c}{subsection.6.14.2}% 206
\BOOKMARK [1][-]{section.6.15}{\376\377\000W\000e\000b\000r\000a\000d\000i\000o\000M\000a\000n\000a\000g\000e\000r\000.\000S\000e\000l\000e\000c\000t\000i\000o\000n\000C\000o\000n\000t\000r\000o\000l\000l\000e\000r\000\040\000C\000l\000a\000s\000s\000\040\000R\000e\000f\000e\000r\000e\000n\000c\000e}{chapter.6}% 207
\BOOKMARK [2][-]{subsection.6.15.1}{\376\377\000D\000e\000t\000a\000i\000l\000e\000d\000\040\000D\000e\000s\000c\000r\000i\000p\000t\000i\000o\000n}{section.6.15}% 208
\BOOKMARK [2][-]{subsection.6.15.2}{\376\377\000C\000o\000n\000s\000t\000r\000u\000c\000t\000o\000r\000\040\000\046\000\040\000D\000e\000s\000t\000r\000u\000c\000t\000o\000r\000\040\000D\000o\000c\000u\000m\000e\000n\000t\000a\000t\000i\000o\000n}{section.6.15}% 209
\BOOKMARK [3][-]{subsubsection.6.15.2.1}{\376\377\000S\000e\000l\000e\000c\000t\000i\000o\000n\000C\000o\000n\000t\000r\000o\000l\000l\000e\000r}{subsection.6.15.2}% 210
\BOOKMARK [2][-]{subsection.6.15.3}{\376\377\000M\000e\000m\000b\000e\000r\000\040\000F\000u\000n\000c\000t\000i\000o\000n\000\040\000D\000o\000c\000u\000m\000e\000n\000t\000a\000t\000i\000o\000n}{section.6.15}% 211
\BOOKMARK [3][-]{subsubsection.6.15.3.1}{\376\377\000C\000r\000e\000a\000t\000e\000W\000e\000b\000r\000a\000d\000i\000o}{subsection.6.15.3}% 212
\BOOKMARK [3][-]{subsubsection.6.15.3.2}{\376\377\000D\000e\000l\000e\000t\000e\000W\000e\000b\000r\000a\000d\000i\000o}{subsection.6.15.3}% 213
\BOOKMARK [3][-]{subsubsection.6.15.3.3}{\376\377\000D\000u\000p\000l\000i\000c\000a\000t\000e\000W\000e\000b\000r\000a\000d\000i\000o}{subsection.6.15.3}% 214
\BOOKMARK [3][-]{subsubsection.6.15.3.4}{\376\377\000G\000e\000t\000W\000e\000b\000r\000a\000d\000i\000o\000s}{subsection.6.15.3}% 215
\BOOKMARK [3][-]{subsubsection.6.15.3.5}{\376\377\000L\000o\000a\000d\000L\000i\000b\000r\000a\000r\000y}{subsection.6.15.3}% 216
\BOOKMARK [3][-]{subsubsection.6.15.3.6}{\376\377\000L\000o\000a\000d\000W\000e\000b\000r\000a\000d\000i\000o\000s}{subsection.6.15.3}% 217
\BOOKMARK [3][-]{subsubsection.6.15.3.7}{\376\377\000O\000p\000e\000n\000W\000e\000b\000r\000a\000d\000i\000o}{subsection.6.15.3}% 218
\BOOKMARK [3][-]{subsubsection.6.15.3.8}{\376\377\000S\000t\000o\000p\000A\000l\000l\000P\000r\000o\000c\000e\000s\000s}{subsection.6.15.3}% 219
\BOOKMARK [3][-]{subsubsection.6.15.3.9}{\376\377\000U\000p\000d\000a\000t\000e\000V\000i\000e\000w}{subsection.6.15.3}% 220
\BOOKMARK [2][-]{subsection.6.15.4}{\376\377\000P\000r\000o\000p\000e\000r\000t\000y\000\040\000D\000o\000c\000u\000m\000e\000n\000t\000a\000t\000i\000o\000n}{section.6.15}% 221
\BOOKMARK [3][-]{subsubsection.6.15.4.1}{\376\377\000M\000o\000d\000e\000l}{subsection.6.15.4}% 222
\BOOKMARK [3][-]{subsubsection.6.15.4.2}{\376\377\000V\000i\000e\000w}{subsection.6.15.4}% 223
\BOOKMARK [1][-]{section.6.16}{\376\377\000W\000e\000b\000r\000a\000d\000i\000o\000M\000a\000n\000a\000g\000e\000r\000.\000S\000e\000l\000e\000c\000t\000i\000o\000n\000V\000i\000e\000w\000\040\000C\000l\000a\000s\000s\000\040\000R\000e\000f\000e\000r\000e\000n\000c\000e}{chapter.6}% 224
\BOOKMARK [2][-]{subsection.6.16.1}{\376\377\000D\000e\000t\000a\000i\000l\000e\000d\000\040\000D\000e\000s\000c\000r\000i\000p\000t\000i\000o\000n}{section.6.16}% 225
\BOOKMARK [2][-]{subsection.6.16.2}{\376\377\000C\000o\000n\000s\000t\000r\000u\000c\000t\000o\000r\000\040\000\046\000\040\000D\000e\000s\000t\000r\000u\000c\000t\000o\000r\000\040\000D\000o\000c\000u\000m\000e\000n\000t\000a\000t\000i\000o\000n}{section.6.16}% 226
\BOOKMARK [3][-]{subsubsection.6.16.2.1}{\376\377\000S\000e\000l\000e\000c\000t\000i\000o\000n\000V\000i\000e\000w}{subsection.6.16.2}% 227
\BOOKMARK [2][-]{subsection.6.16.3}{\376\377\000M\000e\000m\000b\000e\000r\000\040\000F\000u\000n\000c\000t\000i\000o\000n\000\040\000D\000o\000c\000u\000m\000e\000n\000t\000a\000t\000i\000o\000n}{section.6.16}% 228
\BOOKMARK [3][-]{subsubsection.6.16.3.1}{\376\377\000D\000i\000s\000p\000o\000s\000e}{subsection.6.16.3}% 229
\BOOKMARK [3][-]{subsubsection.6.16.3.2}{\376\377\000U\000p\000d\000a\000t\000e\000V\000i\000e\000w}{subsection.6.16.3}% 230
\BOOKMARK [2][-]{subsection.6.16.4}{\376\377\000P\000r\000o\000p\000e\000r\000t\000y\000\040\000D\000o\000c\000u\000m\000e\000n\000t\000a\000t\000i\000o\000n}{section.6.16}% 231
\BOOKMARK [3][-]{subsubsection.6.16.4.1}{\376\377\000C\000o\000n\000t\000r\000o\000l\000l\000e\000r}{subsection.6.16.4}% 232
\BOOKMARK [1][-]{section.6.17}{\376\377\000W\000e\000b\000r\000a\000d\000i\000o\000M\000a\000n\000a\000g\000e\000r\000.\000T\000r\000a\000n\000s\000c\000o\000d\000e\000r\000A\000a\000c\000P\000l\000u\000s\000\040\000C\000l\000a\000s\000s\000\040\000R\000e\000f\000e\000r\000e\000n\000c\000e}{chapter.6}% 233
\BOOKMARK [2][-]{subsection.6.17.1}{\376\377\000D\000e\000t\000a\000i\000l\000e\000d\000\040\000D\000e\000s\000c\000r\000i\000p\000t\000i\000o\000n}{section.6.17}% 234
\BOOKMARK [2][-]{subsection.6.17.2}{\376\377\000C\000o\000n\000s\000t\000r\000u\000c\000t\000o\000r\000\040\000\046\000\040\000D\000e\000s\000t\000r\000u\000c\000t\000o\000r\000\040\000D\000o\000c\000u\000m\000e\000n\000t\000a\000t\000i\000o\000n}{section.6.17}% 235
\BOOKMARK [3][-]{subsubsection.6.17.2.1}{\376\377\000T\000r\000a\000n\000s\000c\000o\000d\000e\000r\000A\000a\000c\000P\000l\000u\000s}{subsection.6.17.2}% 236
\BOOKMARK [3][-]{subsubsection.6.17.2.2}{\376\377\000T\000r\000a\000n\000s\000c\000o\000d\000e\000r\000A\000a\000c\000P\000l\000u\000s}{subsection.6.17.2}% 237
\BOOKMARK [1][-]{section.6.18}{\376\377\000W\000e\000b\000r\000a\000d\000i\000o\000M\000a\000n\000a\000g\000e\000r\000.\000T\000r\000a\000n\000s\000c\000o\000d\000e\000r\000M\000p\0003\000\040\000C\000l\000a\000s\000s\000\040\000R\000e\000f\000e\000r\000e\000n\000c\000e}{chapter.6}% 238
\BOOKMARK [2][-]{subsection.6.18.1}{\376\377\000D\000e\000t\000a\000i\000l\000e\000d\000\040\000D\000e\000s\000c\000r\000i\000p\000t\000i\000o\000n}{section.6.18}% 239
\BOOKMARK [2][-]{subsection.6.18.2}{\376\377\000C\000o\000n\000s\000t\000r\000u\000c\000t\000o\000r\000\040\000\046\000\040\000D\000e\000s\000t\000r\000u\000c\000t\000o\000r\000\040\000D\000o\000c\000u\000m\000e\000n\000t\000a\000t\000i\000o\000n}{section.6.18}% 240
\BOOKMARK [3][-]{subsubsection.6.18.2.1}{\376\377\000T\000r\000a\000n\000s\000c\000o\000d\000e\000r\000M\000p\0003}{subsection.6.18.2}% 241
\BOOKMARK [3][-]{subsubsection.6.18.2.2}{\376\377\000T\000r\000a\000n\000s\000c\000o\000d\000e\000r\000M\000p\0003}{subsection.6.18.2}% 242
\BOOKMARK [1][-]{section.6.19}{\376\377\000W\000e\000b\000r\000a\000d\000i\000o\000M\000a\000n\000a\000g\000e\000r\000.\000W\000e\000b\000r\000a\000d\000i\000o\000\040\000C\000l\000a\000s\000s\000\040\000R\000e\000f\000e\000r\000e\000n\000c\000e}{chapter.6}% 243
\BOOKMARK [2][-]{subsection.6.19.1}{\376\377\000D\000e\000t\000a\000i\000l\000e\000d\000\040\000D\000e\000s\000c\000r\000i\000p\000t\000i\000o\000n}{section.6.19}% 244
\BOOKMARK [2][-]{subsection.6.19.2}{\376\377\000C\000o\000n\000s\000t\000r\000u\000c\000t\000o\000r\000\040\000\046\000\040\000D\000e\000s\000t\000r\000u\000c\000t\000o\000r\000\040\000D\000o\000c\000u\000m\000e\000n\000t\000a\000t\000i\000o\000n}{section.6.19}% 245
\BOOKMARK [3][-]{subsubsection.6.19.2.1}{\376\377\000W\000e\000b\000r\000a\000d\000i\000o}{subsection.6.19.2}% 246
\BOOKMARK [3][-]{subsubsection.6.19.2.2}{\376\377\000W\000e\000b\000r\000a\000d\000i\000o}{subsection.6.19.2}% 247
\BOOKMARK [2][-]{subsection.6.19.3}{\376\377\000M\000e\000m\000b\000e\000r\000\040\000F\000u\000n\000c\000t\000i\000o\000n\000\040\000D\000o\000c\000u\000m\000e\000n\000t\000a\000t\000i\000o\000n}{section.6.19}% 248
\BOOKMARK [3][-]{subsubsection.6.19.3.1}{\376\377\000G\000e\000n\000e\000r\000a\000t\000e\000C\000o\000n\000f\000i\000g\000F\000i\000l\000e\000s}{subsection.6.19.3}% 249
\BOOKMARK [3][-]{subsubsection.6.19.3.2}{\376\377\000T\000o\000S\000t\000r\000i\000n\000g}{subsection.6.19.3}% 250
\BOOKMARK [2][-]{subsection.6.19.4}{\376\377\000P\000r\000o\000p\000e\000r\000t\000y\000\040\000D\000o\000c\000u\000m\000e\000n\000t\000a\000t\000i\000o\000n}{section.6.19}% 251
\BOOKMARK [3][-]{subsubsection.6.19.4.1}{\376\377\000C\000a\000l\000e\000n\000d\000a\000r}{subsection.6.19.4}% 252
\BOOKMARK [3][-]{subsubsection.6.19.4.2}{\376\377\000I\000d}{subsection.6.19.4}% 253
\BOOKMARK [3][-]{subsubsection.6.19.4.3}{\376\377\000N\000a\000m\000e}{subsection.6.19.4}% 254
\BOOKMARK [3][-]{subsubsection.6.19.4.4}{\376\377\000P\000l\000a\000y\000l\000i\000s\000t\000s}{subsection.6.19.4}% 255
\BOOKMARK [3][-]{subsubsection.6.19.4.5}{\376\377\000S\000e\000r\000v\000e\000r}{subsection.6.19.4}% 256
\BOOKMARK [3][-]{subsubsection.6.19.4.6}{\376\377\000T\000r\000a\000n\000s\000c\000o\000d\000e\000r\000s}{subsection.6.19.4}% 257
\BOOKMARK [1][-]{section.6.20}{\376\377\000W\000e\000b\000r\000a\000d\000i\000o\000M\000a\000n\000a\000g\000e\000r\000.\000W\000e\000b\000r\000a\000d\000i\000o\000C\000a\000l\000e\000n\000d\000a\000r\000\040\000C\000l\000a\000s\000s\000\040\000R\000e\000f\000e\000r\000e\000n\000c\000e}{chapter.6}% 258
\BOOKMARK [2][-]{subsection.6.20.1}{\376\377\000D\000e\000t\000a\000i\000l\000e\000d\000\040\000D\000e\000s\000c\000r\000i\000p\000t\000i\000o\000n}{section.6.20}% 259
\BOOKMARK [2][-]{subsection.6.20.2}{\376\377\000C\000o\000n\000s\000t\000r\000u\000c\000t\000o\000r\000\040\000\046\000\040\000D\000e\000s\000t\000r\000u\000c\000t\000o\000r\000\040\000D\000o\000c\000u\000m\000e\000n\000t\000a\000t\000i\000o\000n}{section.6.20}% 260
\BOOKMARK [3][-]{subsubsection.6.20.2.1}{\376\377\000W\000e\000b\000r\000a\000d\000i\000o\000C\000a\000l\000e\000n\000d\000a\000r}{subsection.6.20.2}% 261
\BOOKMARK [3][-]{subsubsection.6.20.2.2}{\376\377\000W\000e\000b\000r\000a\000d\000i\000o\000C\000a\000l\000e\000n\000d\000a\000r}{subsection.6.20.2}% 262
\BOOKMARK [2][-]{subsection.6.20.3}{\376\377\000M\000e\000m\000b\000e\000r\000\040\000F\000u\000n\000c\000t\000i\000o\000n\000\040\000D\000o\000c\000u\000m\000e\000n\000t\000a\000t\000i\000o\000n}{section.6.20}% 263
\BOOKMARK [3][-]{subsubsection.6.20.3.1}{\376\377\000G\000e\000n\000e\000r\000a\000t\000e\000C\000o\000n\000f\000i\000g\000F\000i\000l\000e}{subsection.6.20.3}% 264
\BOOKMARK [2][-]{subsection.6.20.4}{\376\377\000P\000r\000o\000p\000e\000r\000t\000y\000\040\000D\000o\000c\000u\000m\000e\000n\000t\000a\000t\000i\000o\000n}{section.6.20}% 265
\BOOKMARK [3][-]{subsubsection.6.20.4.1}{\376\377\000E\000v\000e\000n\000t\000s}{subsection.6.20.4}% 266
\BOOKMARK [3][-]{subsubsection.6.20.4.2}{\376\377\000F\000i\000l\000e\000n\000a\000m\000e}{subsection.6.20.4}% 267
\BOOKMARK [3][-]{subsubsection.6.20.4.3}{\376\377\000I\000d}{subsection.6.20.4}% 268
\BOOKMARK [1][-]{section.6.21}{\376\377\000W\000e\000b\000r\000a\000d\000i\000o\000M\000a\000n\000a\000g\000e\000r\000.\000W\000e\000b\000r\000a\000d\000i\000o\000L\000i\000s\000t\000e\000n\000e\000r\000\040\000C\000l\000a\000s\000s\000\040\000R\000e\000f\000e\000r\000e\000n\000c\000e}{chapter.6}% 269
\BOOKMARK [2][-]{subsection.6.21.1}{\376\377\000D\000e\000t\000a\000i\000l\000e\000d\000\040\000D\000e\000s\000c\000r\000i\000p\000t\000i\000o\000n}{section.6.21}% 270
\BOOKMARK [2][-]{subsection.6.21.2}{\376\377\000C\000o\000n\000s\000t\000r\000u\000c\000t\000o\000r\000\040\000\046\000\040\000D\000e\000s\000t\000r\000u\000c\000t\000o\000r\000\040\000D\000o\000c\000u\000m\000e\000n\000t\000a\000t\000i\000o\000n}{section.6.21}% 271
\BOOKMARK [3][-]{subsubsection.6.21.2.1}{\376\377\000W\000e\000b\000r\000a\000d\000i\000o\000L\000i\000s\000t\000e\000n\000e\000r}{subsection.6.21.2}% 272
\BOOKMARK [2][-]{subsection.6.21.3}{\376\377\000P\000r\000o\000p\000e\000r\000t\000y\000\040\000D\000o\000c\000u\000m\000e\000n\000t\000a\000t\000i\000o\000n}{section.6.21}% 273
\BOOKMARK [3][-]{subsubsection.6.21.3.1}{\376\377\000C\000o\000n\000n\000e\000c\000t\000i\000o\000n\000T\000i\000m\000e}{subsection.6.21.3}% 274
\BOOKMARK [3][-]{subsubsection.6.21.3.2}{\376\377\000H\000o\000s\000t\000n\000a\000m\000e}{subsection.6.21.3}% 275
\BOOKMARK [3][-]{subsubsection.6.21.3.3}{\376\377\000U\000i\000d}{subsection.6.21.3}% 276
\BOOKMARK [3][-]{subsubsection.6.21.3.4}{\376\377\000U\000s\000e\000r\000a\000g\000e\000n\000t}{subsection.6.21.3}% 277
\BOOKMARK [1][-]{section.6.22}{\376\377\000W\000e\000b\000r\000a\000d\000i\000o\000M\000a\000n\000a\000g\000e\000r\000.\000W\000e\000b\000r\000a\000d\000i\000o\000S\000e\000r\000v\000e\000r\000\040\000C\000l\000a\000s\000s\000\040\000R\000e\000f\000e\000r\000e\000n\000c\000e}{chapter.6}% 278
\BOOKMARK [2][-]{subsection.6.22.1}{\376\377\000D\000e\000t\000a\000i\000l\000e\000d\000\040\000D\000e\000s\000c\000r\000i\000p\000t\000i\000o\000n}{section.6.22}% 279
\BOOKMARK [2][-]{subsection.6.22.2}{\376\377\000C\000o\000n\000s\000t\000r\000u\000c\000t\000o\000r\000\040\000\046\000\040\000D\000e\000s\000t\000r\000u\000c\000t\000o\000r\000\040\000D\000o\000c\000u\000m\000e\000n\000t\000a\000t\000i\000o\000n}{section.6.22}% 280
\BOOKMARK [3][-]{subsubsection.6.22.2.1}{\376\377\000W\000e\000b\000r\000a\000d\000i\000o\000S\000e\000r\000v\000e\000r}{subsection.6.22.2}% 281
\BOOKMARK [2][-]{subsection.6.22.3}{\376\377\000M\000e\000m\000b\000e\000r\000\040\000F\000u\000n\000c\000t\000i\000o\000n\000\040\000D\000o\000c\000u\000m\000e\000n\000t\000a\000t\000i\000o\000n}{section.6.22}% 282
\BOOKMARK [3][-]{subsubsection.6.22.3.1}{\376\377\000G\000e\000n\000e\000r\000a\000t\000e\000C\000o\000n\000f\000i\000g\000F\000i\000l\000e}{subsection.6.22.3}% 283
\BOOKMARK [3][-]{subsubsection.6.22.3.2}{\376\377\000G\000e\000t\000L\000i\000s\000t\000e\000n\000e\000r\000s}{subsection.6.22.3}% 284
\BOOKMARK [3][-]{subsubsection.6.22.3.3}{\376\377\000I\000s\000R\000u\000n\000n\000i\000n\000g}{subsection.6.22.3}% 285
\BOOKMARK [3][-]{subsubsection.6.22.3.4}{\376\377\000S\000t\000a\000r\000t}{subsection.6.22.3}% 286
\BOOKMARK [3][-]{subsubsection.6.22.3.5}{\376\377\000S\000t\000o\000p}{subsection.6.22.3}% 287
\BOOKMARK [3][-]{subsubsection.6.22.3.6}{\376\377\000U\000p\000d\000a\000t\000e\000S\000t\000a\000t\000s}{subsection.6.22.3}% 288
\BOOKMARK [2][-]{subsection.6.22.4}{\376\377\000P\000r\000o\000p\000e\000r\000t\000y\000\040\000D\000o\000c\000u\000m\000e\000n\000t\000a\000t\000i\000o\000n}{section.6.22}% 289
\BOOKMARK [3][-]{subsubsection.6.22.4.1}{\376\377\000A\000d\000m\000i\000n\000P\000a\000s\000s\000w\000o\000r\000d}{subsection.6.22.4}% 290
\BOOKMARK [3][-]{subsubsection.6.22.4.2}{\376\377\000C\000o\000n\000f\000i\000g\000F\000i\000l\000e\000n\000a\000m\000e}{subsection.6.22.4}% 291
\BOOKMARK [3][-]{subsubsection.6.22.4.3}{\376\377\000L\000o\000g\000F\000i\000l\000e\000n\000a\000m\000e}{subsection.6.22.4}% 292
\BOOKMARK [3][-]{subsubsection.6.22.4.4}{\376\377\000M\000a\000x\000L\000i\000s\000t\000e\000n\000e\000r}{subsection.6.22.4}% 293
\BOOKMARK [3][-]{subsubsection.6.22.4.5}{\376\377\000P\000a\000s\000s\000w\000o\000r\000d}{subsection.6.22.4}% 294
\BOOKMARK [3][-]{subsubsection.6.22.4.6}{\376\377\000P\000o\000r\000t}{subsection.6.22.4}% 295
\BOOKMARK [3][-]{subsubsection.6.22.4.7}{\376\377\000P\000r\000o\000c\000e\000s\000s}{subsection.6.22.4}% 296
\BOOKMARK [3][-]{subsubsection.6.22.4.8}{\376\377\000W\000e\000b\000A\000d\000m\000i\000n\000U\000r\000l}{subsection.6.22.4}% 297
\BOOKMARK [3][-]{subsubsection.6.22.4.9}{\376\377\000W\000e\000b\000I\000n\000t\000e\000r\000f\000a\000c\000e\000U\000r\000l}{subsection.6.22.4}% 298
\BOOKMARK [1][-]{section.6.23}{\376\377\000W\000e\000b\000r\000a\000d\000i\000o\000M\000a\000n\000a\000g\000e\000r\000.\000W\000e\000b\000r\000a\000d\000i\000o\000S\000e\000r\000v\000e\000r\000S\000t\000a\000t\000s\000\040\000C\000l\000a\000s\000s\000\040\000R\000e\000f\000e\000r\000e\000n\000c\000e}{chapter.6}% 299
\BOOKMARK [2][-]{subsection.6.23.1}{\376\377\000D\000e\000t\000a\000i\000l\000e\000d\000\040\000D\000e\000s\000c\000r\000i\000p\000t\000i\000o\000n}{section.6.23}% 300
\BOOKMARK [2][-]{subsection.6.23.2}{\376\377\000C\000o\000n\000s\000t\000r\000u\000c\000t\000o\000r\000\040\000\046\000\040\000D\000e\000s\000t\000r\000u\000c\000t\000o\000r\000\040\000D\000o\000c\000u\000m\000e\000n\000t\000a\000t\000i\000o\000n}{section.6.23}% 301
\BOOKMARK [3][-]{subsubsection.6.23.2.1}{\376\377\000W\000e\000b\000r\000a\000d\000i\000o\000S\000e\000r\000v\000e\000r\000S\000t\000a\000t\000s}{subsection.6.23.2}% 302
\BOOKMARK [2][-]{subsection.6.23.3}{\376\377\000P\000r\000o\000p\000e\000r\000t\000y\000\040\000D\000o\000c\000u\000m\000e\000n\000t\000a\000t\000i\000o\000n}{section.6.23}% 303
\BOOKMARK [3][-]{subsubsection.6.23.3.1}{\376\377\000A\000v\000e\000r\000a\000g\000e\000T\000i\000m\000e}{subsection.6.23.3}% 304
\BOOKMARK [3][-]{subsubsection.6.23.3.2}{\376\377\000C\000u\000r\000r\000e\000n\000t\000L\000i\000s\000t\000e\000n\000e\000r\000s}{subsection.6.23.3}% 305
\BOOKMARK [3][-]{subsubsection.6.23.3.3}{\376\377\000P\000e\000a\000k\000L\000i\000s\000t\000e\000n\000e\000r\000s}{subsection.6.23.3}% 306
\BOOKMARK [3][-]{subsubsection.6.23.3.4}{\376\377\000U\000n\000i\000q\000u\000e\000L\000i\000s\000t\000e\000n\000e\000r\000s}{subsection.6.23.3}% 307
\BOOKMARK [1][-]{section.6.24}{\376\377\000W\000e\000b\000r\000a\000d\000i\000o\000M\000a\000n\000a\000g\000e\000r\000.\000W\000e\000b\000r\000a\000d\000i\000o\000T\000r\000a\000n\000s\000c\000o\000d\000e\000r\000\040\000C\000l\000a\000s\000s\000\040\000R\000e\000f\000e\000r\000e\000n\000c\000e}{chapter.6}% 308
\BOOKMARK [2][-]{subsection.6.24.1}{\376\377\000D\000e\000t\000a\000i\000l\000e\000d\000\040\000D\000e\000s\000c\000r\000i\000p\000t\000i\000o\000n}{section.6.24}% 309
\BOOKMARK [2][-]{subsection.6.24.2}{\376\377\000C\000o\000n\000s\000t\000r\000u\000c\000t\000o\000r\000\040\000\046\000\040\000D\000e\000s\000t\000r\000u\000c\000t\000o\000r\000\040\000D\000o\000c\000u\000m\000e\000n\000t\000a\000t\000i\000o\000n}{section.6.24}% 310
\BOOKMARK [3][-]{subsubsection.6.24.2.1}{\376\377\000W\000e\000b\000r\000a\000d\000i\000o\000T\000r\000a\000n\000s\000c\000o\000d\000e\000r}{subsection.6.24.2}% 311
\BOOKMARK [3][-]{subsubsection.6.24.2.2}{\376\377\000W\000e\000b\000r\000a\000d\000i\000o\000T\000r\000a\000n\000s\000c\000o\000d\000e\000r}{subsection.6.24.2}% 312
\BOOKMARK [2][-]{subsection.6.24.3}{\376\377\000M\000e\000m\000b\000e\000r\000\040\000F\000u\000n\000c\000t\000i\000o\000n\000\040\000D\000o\000c\000u\000m\000e\000n\000t\000a\000t\000i\000o\000n}{section.6.24}% 313
\BOOKMARK [3][-]{subsubsection.6.24.3.1}{\376\377\000G\000e\000n\000e\000r\000a\000t\000e\000C\000o\000n\000f\000i\000g\000F\000i\000l\000e}{subsection.6.24.3}% 314
\BOOKMARK [3][-]{subsubsection.6.24.3.2}{\376\377\000G\000e\000t\000S\000t\000a\000t\000u\000s}{subsection.6.24.3}% 315
\BOOKMARK [3][-]{subsubsection.6.24.3.3}{\376\377\000I\000s\000R\000u\000n\000n\000i\000n\000g}{subsection.6.24.3}% 316
\BOOKMARK [3][-]{subsubsection.6.24.3.4}{\376\377\000N\000e\000x\000t\000T\000r\000a\000c\000k}{subsection.6.24.3}% 317
\BOOKMARK [3][-]{subsubsection.6.24.3.5}{\376\377\000S\000e\000t\000C\000a\000p\000t\000u\000r\000e\000M\000o\000d\000e}{subsection.6.24.3}% 318
\BOOKMARK [3][-]{subsubsection.6.24.3.6}{\376\377\000S\000t\000a\000r\000t}{subsection.6.24.3}% 319
\BOOKMARK [3][-]{subsubsection.6.24.3.7}{\376\377\000S\000t\000o\000p}{subsection.6.24.3}% 320
\BOOKMARK [3][-]{subsubsection.6.24.3.8}{\376\377\000T\000o\000S\000t\000r\000i\000n\000g}{subsection.6.24.3}% 321
\BOOKMARK [2][-]{subsection.6.24.4}{\376\377\000P\000r\000o\000p\000e\000r\000t\000y\000\040\000D\000o\000c\000u\000m\000e\000n\000t\000a\000t\000i\000o\000n}{section.6.24}% 322
\BOOKMARK [3][-]{subsubsection.6.24.4.1}{\376\377\000A\000d\000m\000i\000n\000P\000o\000r\000t}{subsection.6.24.4}% 323
\BOOKMARK [3][-]{subsubsection.6.24.4.2}{\376\377\000B\000i\000r\000a\000t\000e}{subsection.6.24.4}% 324
\BOOKMARK [3][-]{subsubsection.6.24.4.3}{\376\377\000C\000a\000l\000e\000n\000d\000a\000r\000F\000i\000l\000e}{subsection.6.24.4}% 325
\BOOKMARK [3][-]{subsubsection.6.24.4.4}{\376\377\000C\000a\000p\000t\000u\000r\000e}{subsection.6.24.4}% 326
\BOOKMARK [3][-]{subsubsection.6.24.4.5}{\376\377\000C\000o\000n\000f\000i\000g\000F\000i\000l\000e\000n\000a\000m\000e}{subsection.6.24.4}% 327
\BOOKMARK [3][-]{subsubsection.6.24.4.6}{\376\377\000C\000u\000r\000r\000e\000n\000t\000T\000r\000a\000c\000k}{subsection.6.24.4}% 328
\BOOKMARK [3][-]{subsubsection.6.24.4.7}{\376\377\000I\000d}{subsection.6.24.4}% 329
\BOOKMARK [3][-]{subsubsection.6.24.4.8}{\376\377\000I\000p}{subsection.6.24.4}% 330
\BOOKMARK [3][-]{subsubsection.6.24.4.9}{\376\377\000L\000o\000g\000F\000i\000l\000e\000n\000a\000m\000e}{subsection.6.24.4}% 331
\BOOKMARK [3][-]{subsubsection.6.24.4.10}{\376\377\000N\000a\000m\000e}{subsection.6.24.4}% 332
\BOOKMARK [3][-]{subsubsection.6.24.4.11}{\376\377\000P\000a\000s\000s\000w\000o\000r\000d}{subsection.6.24.4}% 333
\BOOKMARK [3][-]{subsubsection.6.24.4.12}{\376\377\000P\000o\000r\000t}{subsection.6.24.4}% 334
\BOOKMARK [3][-]{subsubsection.6.24.4.13}{\376\377\000P\000r\000o\000c\000e\000s\000s}{subsection.6.24.4}% 335
\BOOKMARK [3][-]{subsubsection.6.24.4.14}{\376\377\000S\000a\000m\000p\000l\000e\000R\000a\000t\000e}{subsection.6.24.4}% 336
\BOOKMARK [3][-]{subsubsection.6.24.4.15}{\376\377\000S\000t\000r\000e\000a\000m\000T\000y\000p\000e}{subsection.6.24.4}% 337
\BOOKMARK [3][-]{subsubsection.6.24.4.16}{\376\377\000U\000r\000l}{subsection.6.24.4}% 338
\BOOKMARK [1][-]{section.6.25}{\376\377\000W\000e\000b\000r\000a\000d\000i\000o\000M\000a\000n\000a\000g\000e\000r\000.\000W\000M\000M\000o\000d\000e\000l\000\040\000C\000l\000a\000s\000s\000\040\000R\000e\000f\000e\000r\000e\000n\000c\000e}{chapter.6}% 339
\BOOKMARK [2][-]{subsection.6.25.1}{\376\377\000D\000e\000t\000a\000i\000l\000e\000d\000\040\000D\000e\000s\000c\000r\000i\000p\000t\000i\000o\000n}{section.6.25}% 340
\BOOKMARK [2][-]{subsection.6.25.2}{\376\377\000C\000o\000n\000s\000t\000r\000u\000c\000t\000o\000r\000\040\000\046\000\040\000D\000e\000s\000t\000r\000u\000c\000t\000o\000r\000\040\000D\000o\000c\000u\000m\000e\000n\000t\000a\000t\000i\000o\000n}{section.6.25}% 341
\BOOKMARK [3][-]{subsubsection.6.25.2.1}{\376\377\000W\000M\000M\000o\000d\000e\000l}{subsection.6.25.2}% 342
\BOOKMARK [2][-]{subsection.6.25.3}{\376\377\000M\000e\000m\000b\000e\000r\000\040\000F\000u\000n\000c\000t\000i\000o\000n\000\040\000D\000o\000c\000u\000m\000e\000n\000t\000a\000t\000i\000o\000n}{section.6.25}% 343
\BOOKMARK [3][-]{subsubsection.6.25.3.1}{\376\377\000A\000d\000d\000O\000b\000s\000e\000r\000v\000e\000r}{subsection.6.25.3}% 344
\BOOKMARK [3][-]{subsubsection.6.25.3.2}{\376\377\000A\000d\000d\000T\000o\000P\000l\000a\000y\000l\000i\000s\000t}{subsection.6.25.3}% 345
\BOOKMARK [3][-]{subsubsection.6.25.3.3}{\376\377\000C\000h\000e\000c\000k\000F\000o\000l\000d\000e\000r\000s}{subsection.6.25.3}% 346
\BOOKMARK [3][-]{subsubsection.6.25.3.4}{\376\377\000C\000h\000e\000c\000k\000L\000i\000b\000r\000a\000r\000y}{subsection.6.25.3}% 347
\BOOKMARK [3][-]{subsubsection.6.25.3.5}{\376\377\000C\000l\000e\000a\000r\000H\000i\000s\000t\000o\000r\000y}{subsection.6.25.3}% 348
\BOOKMARK [3][-]{subsubsection.6.25.3.6}{\376\377\000C\000r\000e\000a\000t\000e\000E\000v\000e\000n\000t}{subsection.6.25.3}% 349
\BOOKMARK [3][-]{subsubsection.6.25.3.7}{\376\377\000C\000r\000e\000a\000t\000e\000P\000l\000a\000y\000l\000i\000s\000t}{subsection.6.25.3}% 350
\BOOKMARK [3][-]{subsubsection.6.25.3.8}{\376\377\000C\000r\000e\000a\000t\000e\000T\000r\000a\000n\000s\000c\000o\000d\000e\000r}{subsection.6.25.3}% 351
\BOOKMARK [3][-]{subsubsection.6.25.3.9}{\376\377\000C\000r\000e\000a\000t\000e\000W\000e\000b\000r\000a\000d\000i\000o}{subsection.6.25.3}% 352
\BOOKMARK [3][-]{subsubsection.6.25.3.10}{\376\377\000D\000e\000l\000e\000t\000e\000A\000u\000d\000i\000o\000F\000i\000l\000e}{subsection.6.25.3}% 353
\BOOKMARK [3][-]{subsubsection.6.25.3.11}{\376\377\000D\000e\000l\000e\000t\000e\000E\000v\000e\000n\000t}{subsection.6.25.3}% 354
\BOOKMARK [3][-]{subsubsection.6.25.3.12}{\376\377\000D\000e\000l\000e\000t\000e\000P\000l\000a\000y\000l\000i\000s\000t}{subsection.6.25.3}% 355
\BOOKMARK [3][-]{subsubsection.6.25.3.13}{\376\377\000D\000e\000l\000e\000t\000e\000T\000r\000a\000n\000s\000c\000o\000d\000e\000r}{subsection.6.25.3}% 356
\BOOKMARK [3][-]{subsubsection.6.25.3.14}{\376\377\000D\000e\000l\000e\000t\000e\000W\000e\000b\000r\000a\000d\000i\000o}{subsection.6.25.3}% 357
\BOOKMARK [3][-]{subsubsection.6.25.3.15}{\376\377\000D\000u\000p\000l\000i\000c\000a\000t\000e\000W\000e\000b\000r\000a\000d\000i\000o}{subsection.6.25.3}% 358
\BOOKMARK [3][-]{subsubsection.6.25.3.16}{\376\377\000G\000e\000n\000e\000r\000a\000t\000e\000C\000o\000n\000f\000i\000g\000F\000i\000l\000e\000s}{subsection.6.25.3}% 359
\BOOKMARK [3][-]{subsubsection.6.25.3.17}{\376\377\000G\000e\000n\000e\000r\000a\000t\000e\000H\000i\000s\000t\000o\000r\000y}{subsection.6.25.3}% 360
\BOOKMARK [3][-]{subsubsection.6.25.3.18}{\376\377\000G\000e\000n\000e\000r\000a\000t\000e\000P\000l\000a\000y\000l\000i\000s\000t}{subsection.6.25.3}% 361
\BOOKMARK [3][-]{subsubsection.6.25.3.19}{\376\377\000G\000e\000t\000A\000u\000d\000i\000o\000F\000i\000l\000e\000B\000y\000F\000i\000l\000e\000n\000a\000m\000e}{subsection.6.25.3}% 362
\BOOKMARK [3][-]{subsubsection.6.25.3.20}{\376\377\000G\000e\000t\000G\000e\000n\000d\000e\000r\000s}{subsection.6.25.3}% 363
\BOOKMARK [3][-]{subsubsection.6.25.3.21}{\376\377\000G\000e\000t\000L\000i\000b\000r\000a\000r\000y}{subsection.6.25.3}% 364
\BOOKMARK [3][-]{subsubsection.6.25.3.22}{\376\377\000G\000e\000t\000P\000l\000a\000y\000l\000i\000s\000t\000C\000o\000n\000t\000e\000n\000t}{subsection.6.25.3}% 365
\BOOKMARK [3][-]{subsubsection.6.25.3.23}{\376\377\000G\000e\000t\000S\000i\000m\000i\000l\000i\000a\000r\000V\000i\000e\000w\000C\000o\000u\000n\000t}{subsection.6.25.3}% 366
\BOOKMARK [3][-]{subsubsection.6.25.3.24}{\376\377\000G\000e\000t\000W\000e\000b\000r\000a\000d\000i\000o}{subsection.6.25.3}% 367
\BOOKMARK [3][-]{subsubsection.6.25.3.25}{\376\377\000G\000e\000t\000W\000e\000b\000r\000a\000d\000i\000o\000B\000y\000N\000a\000m\000e}{subsection.6.25.3}% 368
\BOOKMARK [3][-]{subsubsection.6.25.3.26}{\376\377\000G\000e\000t\000W\000e\000b\000r\000a\000d\000i\000o\000s}{subsection.6.25.3}% 369
\BOOKMARK [3][-]{subsubsection.6.25.3.27}{\376\377\000I\000m\000p\000o\000r\000t\000F\000i\000l\000e\000s\000T\000o\000L\000i\000b\000r\000a\000r\000y}{subsection.6.25.3}% 370
\BOOKMARK [3][-]{subsubsection.6.25.3.28}{\376\377\000L\000o\000a\000d\000L\000i\000b\000r\000a\000r\000y}{subsection.6.25.3}% 371
\BOOKMARK [3][-]{subsubsection.6.25.3.29}{\376\377\000L\000o\000a\000d\000W\000e\000b\000r\000a\000d\000i\000o\000s}{subsection.6.25.3}% 372
\BOOKMARK [3][-]{subsubsection.6.25.3.30}{\376\377\000M\000o\000d\000i\000f\000y\000W\000e\000b\000r\000a\000d\000i\000o\000N\000a\000m\000e}{subsection.6.25.3}% 373
\BOOKMARK [3][-]{subsubsection.6.25.3.31}{\376\377\000R\000e\000m\000o\000v\000e\000F\000r\000o\000m\000P\000l\000a\000y\000l\000i\000s\000t}{subsection.6.25.3}% 374
\BOOKMARK [3][-]{subsubsection.6.25.3.32}{\376\377\000R\000e\000m\000o\000v\000e\000O\000b\000s\000e\000r\000v\000e\000r}{subsection.6.25.3}% 375
\BOOKMARK [3][-]{subsubsection.6.25.3.33}{\376\377\000S\000h\000o\000w\000S\000e\000r\000v\000e\000r\000W\000e\000b\000A\000d\000m\000i\000n}{subsection.6.25.3}% 376
\BOOKMARK [3][-]{subsubsection.6.25.3.34}{\376\377\000S\000h\000o\000w\000S\000e\000r\000v\000e\000r\000W\000e\000b\000I\000n\000t\000e\000r\000f\000a\000c\000e}{subsection.6.25.3}% 377
\BOOKMARK [3][-]{subsubsection.6.25.3.35}{\376\377\000S\000t\000a\000r\000t\000S\000e\000r\000v\000e\000r}{subsection.6.25.3}% 378
\BOOKMARK [3][-]{subsubsection.6.25.3.36}{\376\377\000S\000t\000a\000r\000t\000T\000r\000a\000n\000s\000c\000o\000d\000e\000r}{subsection.6.25.3}% 379
\BOOKMARK [3][-]{subsubsection.6.25.3.37}{\376\377\000S\000t\000o\000p\000A\000l\000l\000P\000r\000o\000c\000e\000s\000s}{subsection.6.25.3}% 380
\BOOKMARK [3][-]{subsubsection.6.25.3.38}{\376\377\000S\000t\000o\000p\000A\000l\000l\000P\000r\000o\000c\000e\000s\000s}{subsection.6.25.3}% 381
\BOOKMARK [3][-]{subsubsection.6.25.3.39}{\376\377\000S\000t\000o\000p\000S\000e\000r\000v\000e\000r}{subsection.6.25.3}% 382
\BOOKMARK [3][-]{subsubsection.6.25.3.40}{\376\377\000S\000t\000o\000p\000T\000r\000a\000n\000s\000c\000o\000d\000e\000r}{subsection.6.25.3}% 383
\BOOKMARK [3][-]{subsubsection.6.25.3.41}{\376\377\000T\000r\000a\000n\000s\000c\000o\000d\000e\000r\000C\000a\000p\000t\000u\000r\000e}{subsection.6.25.3}% 384
\BOOKMARK [3][-]{subsubsection.6.25.3.42}{\376\377\000T\000r\000a\000n\000s\000c\000o\000d\000e\000r\000N\000e\000x\000t\000T\000r\000a\000c\000k}{subsection.6.25.3}% 385
\BOOKMARK [3][-]{subsubsection.6.25.3.43}{\376\377\000U\000p\000d\000a\000t\000e\000A\000u\000d\000i\000o\000F\000i\000l\000e}{subsection.6.25.3}% 386
\BOOKMARK [3][-]{subsubsection.6.25.3.44}{\376\377\000U\000p\000d\000a\000t\000e\000E\000v\000e\000n\000t}{subsection.6.25.3}% 387
\BOOKMARK [3][-]{subsubsection.6.25.3.45}{\376\377\000U\000p\000d\000a\000t\000e\000S\000e\000r\000v\000e\000r}{subsection.6.25.3}% 388
\BOOKMARK [3][-]{subsubsection.6.25.3.46}{\376\377\000U\000p\000d\000a\000t\000e\000S\000e\000r\000v\000e\000r\000L\000i\000s\000t\000e\000n\000e\000r\000s}{subsection.6.25.3}% 389
\BOOKMARK [3][-]{subsubsection.6.25.3.47}{\376\377\000U\000p\000d\000a\000t\000e\000S\000e\000r\000v\000e\000r\000S\000t\000a\000t\000s}{subsection.6.25.3}% 390
\BOOKMARK [3][-]{subsubsection.6.25.3.48}{\376\377\000U\000p\000d\000a\000t\000e\000T\000r\000a\000n\000s\000c\000o\000d\000e\000r}{subsection.6.25.3}% 391
\BOOKMARK [2][-]{subsection.6.25.4}{\376\377\000P\000r\000o\000p\000e\000r\000t\000y\000\040\000D\000o\000c\000u\000m\000e\000n\000t\000a\000t\000i\000o\000n}{section.6.25}% 392
\BOOKMARK [3][-]{subsubsection.6.25.4.1}{\376\377\000A\000c\000t\000i\000v\000e\000S\000e\000r\000v\000e\000r\000s}{subsection.6.25.4}% 393
\BOOKMARK [3][-]{subsubsection.6.25.4.2}{\376\377\000A\000c\000t\000i\000v\000e\000T\000r\000a\000n\000s\000c\000o\000d\000e\000r\000s}{subsection.6.25.4}% 394
\BOOKMARK [3][-]{subsubsection.6.25.4.3}{\376\377\000B\000d\000d}{subsection.6.25.4}% 395
\BOOKMARK [3][-]{subsubsection.6.25.4.4}{\376\377\000L\000i\000b\000r\000a\000r\000y}{subsection.6.25.4}% 396
\BOOKMARK [3][-]{subsubsection.6.25.4.5}{\376\377\000O\000b\000s\000e\000r\000v\000e\000r\000s}{subsection.6.25.4}% 397
\BOOKMARK [3][-]{subsubsection.6.25.4.6}{\376\377\000P\000r\000o\000c\000e\000s\000s\000W\000a\000t\000c\000h\000e\000r}{subsection.6.25.4}% 398
\BOOKMARK [3][-]{subsubsection.6.25.4.7}{\376\377\000W\000e\000b\000r\000a\000d\000i\000o\000s}{subsection.6.25.4}% 399
\BOOKMARK [0][-]{chapter.7}{\376\377\000F\000i\000l\000e\000\040\000D\000o\000c\000u\000m\000e\000n\000t\000a\000t\000i\000o\000n}{}% 400
\BOOKMARK [1][-]{section.7.1}{\376\377\000A\000d\000.\000c\000s\000\040\000F\000i\000l\000e\000\040\000R\000e\000f\000e\000r\000e\000n\000c\000e}{chapter.7}% 401
\BOOKMARK [2][-]{subsection.7.1.1}{\376\377\000D\000e\000t\000a\000i\000l\000e\000d\000\040\000D\000e\000s\000c\000r\000i\000p\000t\000i\000o\000n}{section.7.1}% 402
\BOOKMARK [1][-]{section.7.2}{\376\377\000A\000d\000.\000c\000s}{chapter.7}% 403
\BOOKMARK [1][-]{section.7.3}{\376\377\000A\000d\000m\000i\000n\000C\000o\000n\000t\000r\000o\000l\000l\000e\000r\000.\000c\000s\000\040\000F\000i\000l\000e\000\040\000R\000e\000f\000e\000r\000e\000n\000c\000e}{chapter.7}% 404
\BOOKMARK [2][-]{subsection.7.3.1}{\376\377\000D\000e\000t\000a\000i\000l\000e\000d\000\040\000D\000e\000s\000c\000r\000i\000p\000t\000i\000o\000n}{section.7.3}% 405
\BOOKMARK [1][-]{section.7.4}{\376\377\000A\000d\000m\000i\000n\000C\000o\000n\000t\000r\000o\000l\000l\000e\000r\000.\000c\000s}{chapter.7}% 406
\BOOKMARK [1][-]{section.7.5}{\376\377\000A\000d\000m\000i\000n\000V\000i\000e\000w\000.\000c\000s\000\040\000F\000i\000l\000e\000\040\000R\000e\000f\000e\000r\000e\000n\000c\000e}{chapter.7}% 407
\BOOKMARK [2][-]{subsection.7.5.1}{\376\377\000D\000e\000t\000a\000i\000l\000e\000d\000\040\000D\000e\000s\000c\000r\000i\000p\000t\000i\000o\000n}{section.7.5}% 408
\BOOKMARK [1][-]{section.7.6}{\376\377\000A\000d\000m\000i\000n\000V\000i\000e\000w\000.\000c\000s}{chapter.7}% 409
\BOOKMARK [1][-]{section.7.7}{\376\377\000A\000u\000d\000i\000o\000F\000i\000l\000e\000.\000c\000s\000\040\000F\000i\000l\000e\000\040\000R\000e\000f\000e\000r\000e\000n\000c\000e}{chapter.7}% 410
\BOOKMARK [2][-]{subsection.7.7.1}{\376\377\000D\000e\000t\000a\000i\000l\000e\000d\000\040\000D\000e\000s\000c\000r\000i\000p\000t\000i\000o\000n}{section.7.7}% 411
\BOOKMARK [1][-]{section.7.8}{\376\377\000A\000u\000d\000i\000o\000F\000i\000l\000e\000.\000c\000s}{chapter.7}% 412
\BOOKMARK [1][-]{section.7.9}{\376\377\000A\000u\000d\000i\000o\000T\000y\000p\000e\000.\000c\000s\000\040\000F\000i\000l\000e\000\040\000R\000e\000f\000e\000r\000e\000n\000c\000e}{chapter.7}% 413
\BOOKMARK [2][-]{subsection.7.9.1}{\376\377\000D\000e\000t\000a\000i\000l\000e\000d\000\040\000D\000e\000s\000c\000r\000i\000p\000t\000i\000o\000n}{section.7.9}% 414
\BOOKMARK [1][-]{section.7.10}{\376\377\000A\000u\000d\000i\000o\000T\000y\000p\000e\000.\000c\000s}{chapter.7}% 415
\BOOKMARK [1][-]{section.7.11}{\376\377\000B\000d\000d\000.\000c\000s\000\040\000F\000i\000l\000e\000\040\000R\000e\000f\000e\000r\000e\000n\000c\000e}{chapter.7}% 416
\BOOKMARK [2][-]{subsection.7.11.1}{\376\377\000D\000e\000t\000a\000i\000l\000e\000d\000\040\000D\000e\000s\000c\000r\000i\000p\000t\000i\000o\000n}{section.7.11}% 417
\BOOKMARK [1][-]{section.7.12}{\376\377\000B\000d\000d\000.\000c\000s}{chapter.7}% 418
\BOOKMARK [1][-]{section.7.13}{\376\377\000C\000a\000l\000e\000n\000d\000a\000r\000E\000v\000e\000n\000t\000.\000c\000s\000\040\000F\000i\000l\000e\000\040\000R\000e\000f\000e\000r\000e\000n\000c\000e}{chapter.7}% 419
\BOOKMARK [2][-]{subsection.7.13.1}{\376\377\000D\000e\000t\000a\000i\000l\000e\000d\000\040\000D\000e\000s\000c\000r\000i\000p\000t\000i\000o\000n}{section.7.13}% 420
\BOOKMARK [1][-]{section.7.14}{\376\377\000C\000a\000l\000e\000n\000d\000a\000r\000E\000v\000e\000n\000t\000.\000c\000s}{chapter.7}% 421
\BOOKMARK [1][-]{section.7.15}{\376\377\000D\000a\000y\000W\000e\000e\000k\000.\000c\000s\000\040\000F\000i\000l\000e\000\040\000R\000e\000f\000e\000r\000e\000n\000c\000e}{chapter.7}% 422
\BOOKMARK [2][-]{subsection.7.15.1}{\376\377\000D\000e\000t\000a\000i\000l\000e\000d\000\040\000D\000e\000s\000c\000r\000i\000p\000t\000i\000o\000n}{section.7.15}% 423
\BOOKMARK [1][-]{section.7.16}{\376\377\000D\000a\000y\000W\000e\000e\000k\000.\000c\000s}{chapter.7}% 424
\BOOKMARK [1][-]{section.7.17}{\376\377\000E\000v\000e\000n\000t\000A\000p\000p\000o\000i\000n\000t\000m\000e\000n\000t\000.\000c\000s\000\040\000F\000i\000l\000e\000\040\000R\000e\000f\000e\000r\000e\000n\000c\000e}{chapter.7}% 425
\BOOKMARK [2][-]{subsection.7.17.1}{\376\377\000D\000e\000t\000a\000i\000l\000e\000d\000\040\000D\000e\000s\000c\000r\000i\000p\000t\000i\000o\000n}{section.7.17}% 426
\BOOKMARK [1][-]{section.7.18}{\376\377\000E\000v\000e\000n\000t\000A\000p\000p\000o\000i\000n\000t\000m\000e\000n\000t\000.\000c\000s}{chapter.7}% 427
\BOOKMARK [1][-]{section.7.19}{\376\377\000I\000C\000o\000n\000t\000r\000o\000l\000l\000e\000r\000.\000c\000s\000\040\000F\000i\000l\000e\000\040\000R\000e\000f\000e\000r\000e\000n\000c\000e}{chapter.7}% 428
\BOOKMARK [2][-]{subsection.7.19.1}{\376\377\000D\000e\000t\000a\000i\000l\000e\000d\000\040\000D\000e\000s\000c\000r\000i\000p\000t\000i\000o\000n}{section.7.19}% 429
\BOOKMARK [1][-]{section.7.20}{\376\377\000I\000C\000o\000n\000t\000r\000o\000l\000l\000e\000r\000.\000c\000s}{chapter.7}% 430
\BOOKMARK [1][-]{section.7.21}{\376\377\000M\000u\000s\000i\000c\000.\000c\000s\000\040\000F\000i\000l\000e\000\040\000R\000e\000f\000e\000r\000e\000n\000c\000e}{chapter.7}% 431
\BOOKMARK [2][-]{subsection.7.21.1}{\376\377\000D\000e\000t\000a\000i\000l\000e\000d\000\040\000D\000e\000s\000c\000r\000i\000p\000t\000i\000o\000n}{section.7.21}% 432
\BOOKMARK [1][-]{section.7.22}{\376\377\000M\000u\000s\000i\000c\000.\000c\000s}{chapter.7}% 433
\BOOKMARK [1][-]{section.7.23}{\376\377\000P\000l\000a\000y\000l\000i\000s\000t\000.\000c\000s\000\040\000F\000i\000l\000e\000\040\000R\000e\000f\000e\000r\000e\000n\000c\000e}{chapter.7}% 434
\BOOKMARK [2][-]{subsection.7.23.1}{\376\377\000D\000e\000t\000a\000i\000l\000e\000d\000\040\000D\000e\000s\000c\000r\000i\000p\000t\000i\000o\000n}{section.7.23}% 435
\BOOKMARK [1][-]{section.7.24}{\376\377\000P\000l\000a\000y\000l\000i\000s\000t\000.\000c\000s}{chapter.7}% 436
\BOOKMARK [1][-]{section.7.25}{\376\377\000P\000l\000a\000y\000l\000i\000s\000t\000A\000d\000.\000c\000s\000\040\000F\000i\000l\000e\000\040\000R\000e\000f\000e\000r\000e\000n\000c\000e}{chapter.7}% 437
\BOOKMARK [2][-]{subsection.7.25.1}{\376\377\000D\000e\000t\000a\000i\000l\000e\000d\000\040\000D\000e\000s\000c\000r\000i\000p\000t\000i\000o\000n}{section.7.25}% 438
\BOOKMARK [1][-]{section.7.26}{\376\377\000P\000l\000a\000y\000l\000i\000s\000t\000A\000d\000.\000c\000s}{chapter.7}% 439
\BOOKMARK [1][-]{section.7.27}{\376\377\000P\000l\000a\000y\000l\000i\000s\000t\000M\000u\000s\000i\000c\000.\000c\000s\000\040\000F\000i\000l\000e\000\040\000R\000e\000f\000e\000r\000e\000n\000c\000e}{chapter.7}% 440
\BOOKMARK [2][-]{subsection.7.27.1}{\376\377\000D\000e\000t\000a\000i\000l\000e\000d\000\040\000D\000e\000s\000c\000r\000i\000p\000t\000i\000o\000n}{section.7.27}% 441
\BOOKMARK [1][-]{section.7.28}{\376\377\000P\000l\000a\000y\000l\000i\000s\000t\000M\000u\000s\000i\000c\000.\000c\000s}{chapter.7}% 442
\BOOKMARK [1][-]{section.7.29}{\376\377\000S\000e\000l\000e\000c\000t\000i\000o\000n\000C\000o\000n\000t\000r\000o\000l\000l\000e\000r\000.\000c\000s\000\040\000F\000i\000l\000e\000\040\000R\000e\000f\000e\000r\000e\000n\000c\000e}{chapter.7}% 443
\BOOKMARK [2][-]{subsection.7.29.1}{\376\377\000D\000e\000t\000a\000i\000l\000e\000d\000\040\000D\000e\000s\000c\000r\000i\000p\000t\000i\000o\000n}{section.7.29}% 444
\BOOKMARK [1][-]{section.7.30}{\376\377\000S\000e\000l\000e\000c\000t\000i\000o\000n\000C\000o\000n\000t\000r\000o\000l\000l\000e\000r\000.\000c\000s}{chapter.7}% 445
\BOOKMARK [1][-]{section.7.31}{\376\377\000S\000e\000l\000e\000c\000t\000i\000o\000n\000V\000i\000e\000w\000.\000c\000s\000\040\000F\000i\000l\000e\000\040\000R\000e\000f\000e\000r\000e\000n\000c\000e}{chapter.7}% 446
\BOOKMARK [2][-]{subsection.7.31.1}{\376\377\000D\000e\000t\000a\000i\000l\000e\000d\000\040\000D\000e\000s\000c\000r\000i\000p\000t\000i\000o\000n}{section.7.31}% 447
\BOOKMARK [1][-]{section.7.32}{\376\377\000S\000e\000l\000e\000c\000t\000i\000o\000n\000V\000i\000e\000w\000.\000c\000s}{chapter.7}% 448
\BOOKMARK [1][-]{section.7.33}{\376\377\000S\000t\000r\000e\000a\000m\000T\000y\000p\000e\000.\000c\000s\000\040\000F\000i\000l\000e\000\040\000R\000e\000f\000e\000r\000e\000n\000c\000e}{chapter.7}% 449
\BOOKMARK [2][-]{subsection.7.33.1}{\376\377\000D\000e\000t\000a\000i\000l\000e\000d\000\040\000D\000e\000s\000c\000r\000i\000p\000t\000i\000o\000n}{section.7.33}% 450
\BOOKMARK [1][-]{section.7.34}{\376\377\000S\000t\000r\000e\000a\000m\000T\000y\000p\000e\000.\000c\000s}{chapter.7}% 451
\BOOKMARK [1][-]{section.7.35}{\376\377\000T\000r\000a\000n\000s\000c\000o\000d\000e\000r\000A\000a\000c\000P\000l\000u\000s\000.\000c\000s\000\040\000F\000i\000l\000e\000\040\000R\000e\000f\000e\000r\000e\000n\000c\000e}{chapter.7}% 452
\BOOKMARK [2][-]{subsection.7.35.1}{\376\377\000D\000e\000t\000a\000i\000l\000e\000d\000\040\000D\000e\000s\000c\000r\000i\000p\000t\000i\000o\000n}{section.7.35}% 453
\BOOKMARK [1][-]{section.7.36}{\376\377\000T\000r\000a\000n\000s\000c\000o\000d\000e\000r\000A\000a\000c\000P\000l\000u\000s\000.\000c\000s}{chapter.7}% 454
\BOOKMARK [1][-]{section.7.37}{\376\377\000T\000r\000a\000n\000s\000c\000o\000d\000e\000r\000M\000p\0003\000.\000c\000s\000\040\000F\000i\000l\000e\000\040\000R\000e\000f\000e\000r\000e\000n\000c\000e}{chapter.7}% 455
\BOOKMARK [2][-]{subsection.7.37.1}{\376\377\000D\000e\000t\000a\000i\000l\000e\000d\000\040\000D\000e\000s\000c\000r\000i\000p\000t\000i\000o\000n}{section.7.37}% 456
\BOOKMARK [1][-]{section.7.38}{\376\377\000T\000r\000a\000n\000s\000c\000o\000d\000e\000r\000M\000p\0003\000.\000c\000s}{chapter.7}% 457
\BOOKMARK [1][-]{section.7.39}{\376\377\000W\000e\000b\000r\000a\000d\000i\000o\000.\000c\000s\000\040\000F\000i\000l\000e\000\040\000R\000e\000f\000e\000r\000e\000n\000c\000e}{chapter.7}% 458
\BOOKMARK [2][-]{subsection.7.39.1}{\376\377\000D\000e\000t\000a\000i\000l\000e\000d\000\040\000D\000e\000s\000c\000r\000i\000p\000t\000i\000o\000n}{section.7.39}% 459
\BOOKMARK [1][-]{section.7.40}{\376\377\000W\000e\000b\000r\000a\000d\000i\000o\000.\000c\000s}{chapter.7}% 460
\BOOKMARK [1][-]{section.7.41}{\376\377\000W\000e\000b\000r\000a\000d\000i\000o\000C\000a\000l\000e\000n\000d\000a\000r\000.\000c\000s\000\040\000F\000i\000l\000e\000\040\000R\000e\000f\000e\000r\000e\000n\000c\000e}{chapter.7}% 461
\BOOKMARK [2][-]{subsection.7.41.1}{\376\377\000D\000e\000t\000a\000i\000l\000e\000d\000\040\000D\000e\000s\000c\000r\000i\000p\000t\000i\000o\000n}{section.7.41}% 462
\BOOKMARK [1][-]{section.7.42}{\376\377\000W\000e\000b\000r\000a\000d\000i\000o\000C\000a\000l\000e\000n\000d\000a\000r\000.\000c\000s}{chapter.7}% 463
\BOOKMARK [1][-]{section.7.43}{\376\377\000W\000e\000b\000r\000a\000d\000i\000o\000L\000i\000s\000t\000e\000n\000e\000r\000.\000c\000s\000\040\000F\000i\000l\000e\000\040\000R\000e\000f\000e\000r\000e\000n\000c\000e}{chapter.7}% 464
\BOOKMARK [2][-]{subsection.7.43.1}{\376\377\000D\000e\000t\000a\000i\000l\000e\000d\000\040\000D\000e\000s\000c\000r\000i\000p\000t\000i\000o\000n}{section.7.43}% 465
\BOOKMARK [1][-]{section.7.44}{\376\377\000W\000e\000b\000r\000a\000d\000i\000o\000L\000i\000s\000t\000e\000n\000e\000r\000.\000c\000s}{chapter.7}% 466
\BOOKMARK [1][-]{section.7.45}{\376\377\000W\000e\000b\000r\000a\000d\000i\000o\000S\000e\000r\000v\000e\000r\000.\000c\000s\000\040\000F\000i\000l\000e\000\040\000R\000e\000f\000e\000r\000e\000n\000c\000e}{chapter.7}% 467
\BOOKMARK [2][-]{subsection.7.45.1}{\376\377\000D\000e\000t\000a\000i\000l\000e\000d\000\040\000D\000e\000s\000c\000r\000i\000p\000t\000i\000o\000n}{section.7.45}% 468
\BOOKMARK [1][-]{section.7.46}{\376\377\000W\000e\000b\000r\000a\000d\000i\000o\000S\000e\000r\000v\000e\000r\000.\000c\000s}{chapter.7}% 469
\BOOKMARK [1][-]{section.7.47}{\376\377\000W\000e\000b\000r\000a\000d\000i\000o\000S\000e\000r\000v\000e\000r\000S\000t\000a\000t\000s\000.\000c\000s\000\040\000F\000i\000l\000e\000\040\000R\000e\000f\000e\000r\000e\000n\000c\000e}{chapter.7}% 470
\BOOKMARK [2][-]{subsection.7.47.1}{\376\377\000D\000e\000t\000a\000i\000l\000e\000d\000\040\000D\000e\000s\000c\000r\000i\000p\000t\000i\000o\000n}{section.7.47}% 471
\BOOKMARK [1][-]{section.7.48}{\376\377\000W\000e\000b\000r\000a\000d\000i\000o\000S\000e\000r\000v\000e\000r\000S\000t\000a\000t\000s\000.\000c\000s}{chapter.7}% 472
\BOOKMARK [1][-]{section.7.49}{\376\377\000W\000e\000b\000r\000a\000d\000i\000o\000T\000r\000a\000n\000s\000c\000o\000d\000e\000r\000.\000c\000s\000\040\000F\000i\000l\000e\000\040\000R\000e\000f\000e\000r\000e\000n\000c\000e}{chapter.7}% 473
\BOOKMARK [2][-]{subsection.7.49.1}{\376\377\000D\000e\000t\000a\000i\000l\000e\000d\000\040\000D\000e\000s\000c\000r\000i\000p\000t\000i\000o\000n}{section.7.49}% 474
\BOOKMARK [1][-]{section.7.50}{\376\377\000W\000e\000b\000r\000a\000d\000i\000o\000T\000r\000a\000n\000s\000c\000o\000d\000e\000r\000.\000c\000s}{chapter.7}% 475
\BOOKMARK [1][-]{section.7.51}{\376\377\000W\000M\000M\000o\000d\000e\000l\000.\000c\000s\000\040\000F\000i\000l\000e\000\040\000R\000e\000f\000e\000r\000e\000n\000c\000e}{chapter.7}% 476
\BOOKMARK [2][-]{subsection.7.51.1}{\376\377\000D\000e\000t\000a\000i\000l\000e\000d\000\040\000D\000e\000s\000c\000r\000i\000p\000t\000i\000o\000n}{section.7.51}% 477
\BOOKMARK [1][-]{section.7.52}{\376\377\000W\000M\000M\000o\000d\000e\000l\000.\000c\000s}{chapter.7}% 478
\BOOKMARK [-1][-]{section*.115}{\376\377\000I\000n\000d\000e\000x}{}% 479
